2019-01-28 19:01:16-__init__-DEBUG-Using selector: SelectSelector
2019-01-28 19:01:21-__init__-DEBUG-Using selector: SelectSelector
2019-02-28 19:02:25-trigger_reload-INFO-D:\Study\School\e2e\app\djangoapp\backend\views.py changed, reloading.
2019-02-28 19:02:25-__init__-DEBUG-Using selector: SelectSelector
2019-02-28 19:02:25-trigger_reload-INFO-D:\Study\School\e2e\app\djangoapp\backend\views.py changed, reloading.
2019-02-28 19:02:25-__init__-DEBUG-Using selector: SelectSelector
2019-02-28 19:02:25-trigger_reload-INFO-D:\Study\School\e2e\app\djangoapp\backend\views.py changed, reloading.
2019-02-28 19:02:25-__init__-DEBUG-Using selector: SelectSelector
2019-02-28 19:02:25-trigger_reload-INFO-D:\Study\School\e2e\app\djangoapp\backend\views.py changed, reloading.
2019-02-28 19:02:25-__init__-DEBUG-Using selector: SelectSelector
2019-02-28 19:02:25-trigger_reload-INFO-D:\Study\School\e2e\app\djangoapp\backend\views.py changed, reloading.
2019-02-28 19:02:25-__init__-DEBUG-Using selector: SelectSelector
2019-10-30 20:10:38-trigger_reload-INFO-D:\Study\School\e2e\app\djangoapp\backend\urls.py changed, reloading.
2019-10-30 20:10:38-__init__-DEBUG-Using selector: SelectSelector
2019-11-30 20:11:08-trigger_reload-INFO-D:\Study\School\e2e\app\djangoapp\backend\urls.py changed, reloading.
2019-11-30 20:11:08-__init__-DEBUG-Using selector: SelectSelector
2019-12-30 20:12:27-log_response-WARNING-Not Found: /sotre_message/
2019-12-30 20:12:43-trigger_reload-INFO-D:\Study\School\e2e\app\djangoapp\backend\views.py changed, reloading.
2019-12-30 20:12:43-__init__-DEBUG-Using selector: SelectSelector
2019-12-30 20:12:51-trigger_reload-INFO-D:\Study\School\e2e\app\djangoapp\backend\views.py changed, reloading.
2019-12-30 20:12:51-__init__-DEBUG-Using selector: SelectSelector
2019-12-30 20:12:54-log_response-WARNING-Not Found: /sotre_message/
2019-13-30 20:13:36-trigger_reload-INFO-D:\Study\School\e2e\app\djangoapp\backend\views.py changed, reloading.
2019-13-30 20:13:36-__init__-DEBUG-Using selector: SelectSelector
2019-13-30 20:13:37-log_response-WARNING-Not Found: /sotre_message/
2019-13-30 20:13:40-log_response-WARNING-Not Found: /sotre_message/
2019-14-30 20:14:14-log_response-WARNING-Bad Request: /apis/sotre_message/
2019-17-30 20:17:35-trigger_reload-INFO-D:\Study\School\e2e\app\djangoapp\backend\models.py changed, reloading.
2019-17-30 20:17:35-__init__-DEBUG-Using selector: SelectSelector
2019-18-30 20:18:07-trigger_reload-INFO-D:\Study\School\e2e\app\djangoapp\backend\views.py changed, reloading.
2019-18-30 20:18:07-__init__-DEBUG-Using selector: SelectSelector
2019-18-30 20:18:09-log_response-WARNING-Bad Request: /apis/sotre_message/
2019-18-30 20:18:22-trigger_reload-INFO-D:\Study\School\e2e\app\djangoapp\backend\models.py changed, reloading.
2019-18-30 20:18:22-__init__-DEBUG-Using selector: SelectSelector
2019-18-30 20:18:28-trigger_reload-INFO-D:\Study\School\e2e\app\djangoapp\backend\models.py changed, reloading.
2019-18-30 20:18:28-__init__-DEBUG-Using selector: SelectSelector
2019-18-30 20:18:30-log_response-ERROR-Internal Server Error: /apis/sotre_message/
Traceback (most recent call last):
  File "C:\Users\Pisho\AppData\Roaming\Python\Python37\site-packages\django\db\backends\utils.py", line 86, in _execute
    return self.cursor.execute(sql, params)
  File "C:\Users\Pisho\AppData\Roaming\Python\Python37\site-packages\django\db\backends\sqlite3\base.py", line 396, in execute
    return Database.Cursor.execute(self, query, params)
sqlite3.IntegrityError: UNIQUE constraint failed: backend_messages.fromUserid

The above exception was the direct cause of the following exception:

Traceback (most recent call last):
  File "C:\Users\Pisho\AppData\Roaming\Python\Python37\site-packages\django\core\handlers\exception.py", line 34, in inner
    response = get_response(request)
  File "C:\Users\Pisho\AppData\Roaming\Python\Python37\site-packages\django\core\handlers\base.py", line 115, in _get_response
    response = self.process_exception_by_middleware(e, request)
  File "C:\Users\Pisho\AppData\Roaming\Python\Python37\site-packages\django\core\handlers\base.py", line 113, in _get_response
    response = wrapped_callback(request, *callback_args, **callback_kwargs)
  File "C:\Users\Pisho\AppData\Roaming\Python\Python37\site-packages\django\views\decorators\csrf.py", line 54, in wrapped_view
    return view_func(*args, **kwargs)
  File "C:\Users\Pisho\AppData\Roaming\Python\Python37\site-packages\django\views\generic\base.py", line 71, in view
    return self.dispatch(request, *args, **kwargs)
  File "C:\Users\Pisho\AppData\Local\Programs\Python\Python37\lib\site-packages\rest_framework\views.py", line 505, in dispatch
    response = self.handle_exception(exc)
  File "C:\Users\Pisho\AppData\Local\Programs\Python\Python37\lib\site-packages\rest_framework\views.py", line 465, in handle_exception
    self.raise_uncaught_exception(exc)
  File "C:\Users\Pisho\AppData\Local\Programs\Python\Python37\lib\site-packages\rest_framework\views.py", line 476, in raise_uncaught_exception
    raise exc
  File "C:\Users\Pisho\AppData\Local\Programs\Python\Python37\lib\site-packages\rest_framework\views.py", line 502, in dispatch
    response = handler(request, *args, **kwargs)
  File "C:\Users\Pisho\AppData\Local\Programs\Python\Python37\lib\site-packages\rest_framework\decorators.py", line 50, in handler
    return func(*args, **kwargs)
  File "D:\Study\School\e2e\app\djangoapp\backend\views.py", line 106, in sotre_message
    serializer.save()
  File "C:\Users\Pisho\AppData\Local\Programs\Python\Python37\lib\site-packages\rest_framework\serializers.py", line 212, in save
    self.instance = self.create(validated_data)
  File "C:\Users\Pisho\AppData\Local\Programs\Python\Python37\lib\site-packages\rest_framework\serializers.py", line 948, in create
    instance = ModelClass._default_manager.create(**validated_data)
  File "C:\Users\Pisho\AppData\Roaming\Python\Python37\site-packages\django\db\models\manager.py", line 82, in manager_method
    return getattr(self.get_queryset(), name)(*args, **kwargs)
  File "C:\Users\Pisho\AppData\Roaming\Python\Python37\site-packages\django\db\models\query.py", line 433, in create
    obj.save(force_insert=True, using=self.db)
  File "C:\Users\Pisho\AppData\Roaming\Python\Python37\site-packages\django\db\models\base.py", line 746, in save
    force_update=force_update, update_fields=update_fields)
  File "C:\Users\Pisho\AppData\Roaming\Python\Python37\site-packages\django\db\models\base.py", line 784, in save_base
    force_update, using, update_fields,
  File "C:\Users\Pisho\AppData\Roaming\Python\Python37\site-packages\django\db\models\base.py", line 886, in _save_table
    results = self._do_insert(cls._base_manager, using, fields, returning_fields, raw)
  File "C:\Users\Pisho\AppData\Roaming\Python\Python37\site-packages\django\db\models\base.py", line 925, in _do_insert
    using=using, raw=raw,
  File "C:\Users\Pisho\AppData\Roaming\Python\Python37\site-packages\django\db\models\manager.py", line 82, in manager_method
    return getattr(self.get_queryset(), name)(*args, **kwargs)
  File "C:\Users\Pisho\AppData\Roaming\Python\Python37\site-packages\django\db\models\query.py", line 1204, in _insert
    return query.get_compiler(using=using).execute_sql(returning_fields)
  File "C:\Users\Pisho\AppData\Roaming\Python\Python37\site-packages\django\db\models\sql\compiler.py", line 1377, in execute_sql
    cursor.execute(sql, params)
  File "C:\Users\Pisho\AppData\Roaming\Python\Python37\site-packages\django\db\backends\utils.py", line 100, in execute
    return super().execute(sql, params)
  File "C:\Users\Pisho\AppData\Roaming\Python\Python37\site-packages\django\db\backends\utils.py", line 68, in execute
    return self._execute_with_wrappers(sql, params, many=False, executor=self._execute)
  File "C:\Users\Pisho\AppData\Roaming\Python\Python37\site-packages\django\db\backends\utils.py", line 77, in _execute_with_wrappers
    return executor(sql, params, many, context)
  File "C:\Users\Pisho\AppData\Roaming\Python\Python37\site-packages\django\db\backends\utils.py", line 86, in _execute
    return self.cursor.execute(sql, params)
  File "C:\Users\Pisho\AppData\Roaming\Python\Python37\site-packages\django\db\utils.py", line 90, in __exit__
    raise dj_exc_value.with_traceback(traceback) from exc_value
  File "C:\Users\Pisho\AppData\Roaming\Python\Python37\site-packages\django\db\backends\utils.py", line 86, in _execute
    return self.cursor.execute(sql, params)
  File "C:\Users\Pisho\AppData\Roaming\Python\Python37\site-packages\django\db\backends\sqlite3\base.py", line 396, in execute
    return Database.Cursor.execute(self, query, params)
django.db.utils.IntegrityError: UNIQUE constraint failed: backend_messages.fromUserid
2019-18-30 20:18:34-__init__-DEBUG-Using selector: SelectSelector
2019-18-30 20:18:43-__init__-DEBUG-Using selector: SelectSelector
2019-19-30 20:19:02-__init__-DEBUG-Using selector: SelectSelector
2019-19-30 20:19:58-__init__-DEBUG-Using selector: SelectSelector
2019-20-30 20:20:33-__init__-DEBUG-Using selector: SelectSelector
2019-21-30 20:21:30-__init__-DEBUG-Using selector: SelectSelector
2019-23-30 20:23:06-trigger_reload-INFO-D:\Study\School\e2e\app\djangoapp\djangoapp\settings.py changed, reloading.
2019-23-30 20:23:06-__init__-DEBUG-Using selector: SelectSelector
2019-25-30 20:25:30-trigger_reload-INFO-D:\Study\School\e2e\app\djangoapp\backend\models.py changed, reloading.
2019-25-30 20:25:30-__init__-DEBUG-Using selector: SelectSelector
2019-25-30 20:25:33-__init__-DEBUG-Using selector: SelectSelector
2019-25-30 20:25:35-__init__-DEBUG-Using selector: SelectSelector
2019-27-30 20:27:41-__init__-DEBUG-Using selector: SelectSelector
2019-28-30 20:28:02-__init__-DEBUG-Using selector: SelectSelector
2019-28-30 20:28:18-__init__-DEBUG-Using selector: SelectSelector
2019-30-30 20:30:45-__init__-DEBUG-Using selector: SelectSelector
2019-30-30 20:30:48-__init__-DEBUG-Using selector: SelectSelector
2019-34-30 20:34:35-trigger_reload-INFO-D:\Study\School\e2e\app\djangoapp\djangoapp\settings.py changed, reloading.
2019-34-30 20:34:35-__init__-DEBUG-Using selector: SelectSelector
2019-34-30 20:34:39-log_response-ERROR-Internal Server Error: /apis/sotre_message/
Traceback (most recent call last):
  File "C:\Users\Pisho\AppData\Roaming\Python\Python37\site-packages\django\db\backends\utils.py", line 86, in _execute
    return self.cursor.execute(sql, params)
  File "C:\Users\Pisho\AppData\Roaming\Python\Python37\site-packages\django\db\backends\sqlite3\base.py", line 396, in execute
    return Database.Cursor.execute(self, query, params)
sqlite3.IntegrityError: UNIQUE constraint failed: backend_messages.fromUserid

The above exception was the direct cause of the following exception:

Traceback (most recent call last):
  File "C:\Users\Pisho\AppData\Roaming\Python\Python37\site-packages\django\core\handlers\exception.py", line 34, in inner
    response = get_response(request)
  File "C:\Users\Pisho\AppData\Roaming\Python\Python37\site-packages\django\core\handlers\base.py", line 115, in _get_response
    response = self.process_exception_by_middleware(e, request)
  File "C:\Users\Pisho\AppData\Roaming\Python\Python37\site-packages\django\core\handlers\base.py", line 113, in _get_response
    response = wrapped_callback(request, *callback_args, **callback_kwargs)
  File "C:\Users\Pisho\AppData\Roaming\Python\Python37\site-packages\django\views\decorators\csrf.py", line 54, in wrapped_view
    return view_func(*args, **kwargs)
  File "C:\Users\Pisho\AppData\Roaming\Python\Python37\site-packages\django\views\generic\base.py", line 71, in view
    return self.dispatch(request, *args, **kwargs)
  File "C:\Users\Pisho\AppData\Local\Programs\Python\Python37\lib\site-packages\rest_framework\views.py", line 505, in dispatch
    response = self.handle_exception(exc)
  File "C:\Users\Pisho\AppData\Local\Programs\Python\Python37\lib\site-packages\rest_framework\views.py", line 465, in handle_exception
    self.raise_uncaught_exception(exc)
  File "C:\Users\Pisho\AppData\Local\Programs\Python\Python37\lib\site-packages\rest_framework\views.py", line 476, in raise_uncaught_exception
    raise exc
  File "C:\Users\Pisho\AppData\Local\Programs\Python\Python37\lib\site-packages\rest_framework\views.py", line 502, in dispatch
    response = handler(request, *args, **kwargs)
  File "C:\Users\Pisho\AppData\Local\Programs\Python\Python37\lib\site-packages\rest_framework\decorators.py", line 50, in handler
    return func(*args, **kwargs)
  File "D:\Study\School\e2e\app\djangoapp\backend\views.py", line 106, in sotre_message
    serializer.save()
  File "C:\Users\Pisho\AppData\Local\Programs\Python\Python37\lib\site-packages\rest_framework\serializers.py", line 212, in save
    self.instance = self.create(validated_data)
  File "C:\Users\Pisho\AppData\Local\Programs\Python\Python37\lib\site-packages\rest_framework\serializers.py", line 948, in create
    instance = ModelClass._default_manager.create(**validated_data)
  File "C:\Users\Pisho\AppData\Roaming\Python\Python37\site-packages\django\db\models\manager.py", line 82, in manager_method
    return getattr(self.get_queryset(), name)(*args, **kwargs)
  File "C:\Users\Pisho\AppData\Roaming\Python\Python37\site-packages\django\db\models\query.py", line 433, in create
    obj.save(force_insert=True, using=self.db)
  File "C:\Users\Pisho\AppData\Roaming\Python\Python37\site-packages\django\db\models\base.py", line 746, in save
    force_update=force_update, update_fields=update_fields)
  File "C:\Users\Pisho\AppData\Roaming\Python\Python37\site-packages\django\db\models\base.py", line 784, in save_base
    force_update, using, update_fields,
  File "C:\Users\Pisho\AppData\Roaming\Python\Python37\site-packages\django\db\models\base.py", line 886, in _save_table
    results = self._do_insert(cls._base_manager, using, fields, returning_fields, raw)
  File "C:\Users\Pisho\AppData\Roaming\Python\Python37\site-packages\django\db\models\base.py", line 925, in _do_insert
    using=using, raw=raw,
  File "C:\Users\Pisho\AppData\Roaming\Python\Python37\site-packages\django\db\models\manager.py", line 82, in manager_method
    return getattr(self.get_queryset(), name)(*args, **kwargs)
  File "C:\Users\Pisho\AppData\Roaming\Python\Python37\site-packages\django\db\models\query.py", line 1204, in _insert
    return query.get_compiler(using=using).execute_sql(returning_fields)
  File "C:\Users\Pisho\AppData\Roaming\Python\Python37\site-packages\django\db\models\sql\compiler.py", line 1377, in execute_sql
    cursor.execute(sql, params)
  File "C:\Users\Pisho\AppData\Roaming\Python\Python37\site-packages\django\db\backends\utils.py", line 100, in execute
    return super().execute(sql, params)
  File "C:\Users\Pisho\AppData\Roaming\Python\Python37\site-packages\django\db\backends\utils.py", line 68, in execute
    return self._execute_with_wrappers(sql, params, many=False, executor=self._execute)
  File "C:\Users\Pisho\AppData\Roaming\Python\Python37\site-packages\django\db\backends\utils.py", line 77, in _execute_with_wrappers
    return executor(sql, params, many, context)
  File "C:\Users\Pisho\AppData\Roaming\Python\Python37\site-packages\django\db\backends\utils.py", line 86, in _execute
    return self.cursor.execute(sql, params)
  File "C:\Users\Pisho\AppData\Roaming\Python\Python37\site-packages\django\db\utils.py", line 90, in __exit__
    raise dj_exc_value.with_traceback(traceback) from exc_value
  File "C:\Users\Pisho\AppData\Roaming\Python\Python37\site-packages\django\db\backends\utils.py", line 86, in _execute
    return self.cursor.execute(sql, params)
  File "C:\Users\Pisho\AppData\Roaming\Python\Python37\site-packages\django\db\backends\sqlite3\base.py", line 396, in execute
    return Database.Cursor.execute(self, query, params)
django.db.utils.IntegrityError: UNIQUE constraint failed: backend_messages.fromUserid
2019-36-30 20:36:26-trigger_reload-INFO-D:\Study\School\e2e\app\djangoapp\backend\models.py changed, reloading.
2019-36-30 20:36:26-__init__-DEBUG-Using selector: SelectSelector
2019-36-30 20:36:32-trigger_reload-INFO-D:\Study\School\e2e\app\djangoapp\backend\models.py changed, reloading.
2019-36-30 20:36:32-__init__-DEBUG-Using selector: SelectSelector
2019-36-30 20:36:51-__init__-DEBUG-Using selector: SelectSelector
2019-36-30 20:36:57-__init__-DEBUG-Using selector: SelectSelector
2019-37-30 20:37:42-trigger_reload-INFO-D:\Study\School\e2e\app\djangoapp\backend\urls.py changed, reloading.
2019-37-30 20:37:42-__init__-DEBUG-Using selector: SelectSelector
2019-37-30 20:37:45-trigger_reload-INFO-D:\Study\School\e2e\app\djangoapp\backend\urls.py changed, reloading.
2019-37-30 20:37:45-__init__-DEBUG-Using selector: SelectSelector
2019-37-30 20:37:51-trigger_reload-INFO-D:\Study\School\e2e\app\djangoapp\backend\urls.py changed, reloading.
2019-37-30 20:37:51-__init__-DEBUG-Using selector: SelectSelector
2019-37-30 20:37:53-trigger_reload-INFO-D:\Study\School\e2e\app\djangoapp\backend\urls.py changed, reloading.
2019-37-30 20:37:53-__init__-DEBUG-Using selector: SelectSelector
2019-53-30 20:53:13-trigger_reload-INFO-D:\Study\School\e2e\app\djangoapp\backend\views.py changed, reloading.
2019-53-30 20:53:13-__init__-DEBUG-Using selector: SelectSelector
2019-53-30 20:53:16-trigger_reload-INFO-D:\Study\School\e2e\app\djangoapp\backend\views.py changed, reloading.
2019-53-30 20:53:16-__init__-DEBUG-Using selector: SelectSelector
2019-53-30 20:53:20-trigger_reload-INFO-D:\Study\School\e2e\app\djangoapp\backend\views.py changed, reloading.
2019-53-30 20:53:20-__init__-DEBUG-Using selector: SelectSelector
2019-53-30 20:53:35-trigger_reload-INFO-D:\Study\School\e2e\app\djangoapp\backend\views.py changed, reloading.
2019-53-30 20:53:35-__init__-DEBUG-Using selector: SelectSelector
2019-53-30 20:53:56-trigger_reload-INFO-D:\Study\School\e2e\app\djangoapp\backend\views.py changed, reloading.
2019-53-30 20:53:56-__init__-DEBUG-Using selector: SelectSelector
2019-54-30 20:54:10-trigger_reload-INFO-D:\Study\School\e2e\app\djangoapp\backend\views.py changed, reloading.
2019-54-30 20:54:10-__init__-DEBUG-Using selector: SelectSelector
2019-54-30 20:54:17-trigger_reload-INFO-D:\Study\School\e2e\app\djangoapp\backend\views.py changed, reloading.
2019-54-30 20:54:17-__init__-DEBUG-Using selector: SelectSelector
2019-54-30 20:54:25-trigger_reload-INFO-D:\Study\School\e2e\app\djangoapp\backend\views.py changed, reloading.
2019-54-30 20:54:25-__init__-DEBUG-Using selector: SelectSelector
2019-54-30 20:54:29-trigger_reload-INFO-D:\Study\School\e2e\app\djangoapp\backend\views.py changed, reloading.
2019-54-30 20:54:29-__init__-DEBUG-Using selector: SelectSelector
2019-54-30 20:54:34-trigger_reload-INFO-D:\Study\School\e2e\app\djangoapp\backend\views.py changed, reloading.
2019-54-30 20:54:34-__init__-DEBUG-Using selector: SelectSelector
2019-54-30 20:54:41-trigger_reload-INFO-D:\Study\School\e2e\app\djangoapp\backend\views.py changed, reloading.
2019-54-30 20:54:41-__init__-DEBUG-Using selector: SelectSelector
2019-54-30 20:54:45-trigger_reload-INFO-D:\Study\School\e2e\app\djangoapp\backend\views.py changed, reloading.
2019-54-30 20:54:45-__init__-DEBUG-Using selector: SelectSelector
2019-55-30 20:55:08-trigger_reload-INFO-D:\Study\School\e2e\app\djangoapp\backend\urls.py changed, reloading.
2019-55-30 20:55:08-__init__-DEBUG-Using selector: SelectSelector
2019-55-30 20:55:37-trigger_reload-INFO-D:\Study\School\e2e\app\djangoapp\backend\urls.py changed, reloading.
2019-55-30 20:55:37-__init__-DEBUG-Using selector: SelectSelector
2019-55-30 20:55:40-trigger_reload-INFO-D:\Study\School\e2e\app\djangoapp\backend\urls.py changed, reloading.
2019-55-30 20:55:40-__init__-DEBUG-Using selector: SelectSelector
2019-56-30 20:56:03-trigger_reload-INFO-D:\Study\School\e2e\app\djangoapp\backend\urls.py changed, reloading.
2019-56-30 20:56:03-__init__-DEBUG-Using selector: SelectSelector
2019-56-30 20:56:20-trigger_reload-INFO-D:\Study\School\e2e\app\djangoapp\backend\views.py changed, reloading.
2019-56-30 20:56:20-__init__-DEBUG-Using selector: SelectSelector
2019-56-30 20:56:23-trigger_reload-INFO-D:\Study\School\e2e\app\djangoapp\backend\views.py changed, reloading.
2019-56-30 20:56:23-__init__-DEBUG-Using selector: SelectSelector
2019-56-30 20:56:25-trigger_reload-INFO-D:\Study\School\e2e\app\djangoapp\backend\views.py changed, reloading.
2019-56-30 20:56:25-__init__-DEBUG-Using selector: SelectSelector
2019-56-30 20:56:36-trigger_reload-INFO-D:\Study\School\e2e\app\djangoapp\backend\views.py changed, reloading.
2019-56-30 20:56:36-__init__-DEBUG-Using selector: SelectSelector
2019-56-30 20:56:50-trigger_reload-INFO-D:\Study\School\e2e\app\djangoapp\backend\urls.py changed, reloading.
2019-56-30 20:56:50-__init__-DEBUG-Using selector: SelectSelector
2019-57-30 20:57:29-trigger_reload-INFO-D:\Study\School\e2e\app\djangoapp\backend\views.py changed, reloading.
2019-57-30 20:57:29-__init__-DEBUG-Using selector: SelectSelector
2019-57-30 20:57:35-trigger_reload-INFO-D:\Study\School\e2e\app\djangoapp\backend\views.py changed, reloading.
2019-57-30 20:57:35-__init__-DEBUG-Using selector: SelectSelector
2019-57-30 20:57:37-trigger_reload-INFO-D:\Study\School\e2e\app\djangoapp\backend\views.py changed, reloading.
2019-57-30 20:57:37-__init__-DEBUG-Using selector: SelectSelector
2019-57-30 20:57:40-trigger_reload-INFO-D:\Study\School\e2e\app\djangoapp\backend\views.py changed, reloading.
2019-57-30 20:57:40-__init__-DEBUG-Using selector: SelectSelector
2019-58-30 20:58:09-trigger_reload-INFO-D:\Study\School\e2e\app\djangoapp\backend\views.py changed, reloading.
2019-58-30 20:58:09-__init__-DEBUG-Using selector: SelectSelector
2019-58-30 20:58:11-trigger_reload-INFO-D:\Study\School\e2e\app\djangoapp\backend\views.py changed, reloading.
2019-58-30 20:58:11-__init__-DEBUG-Using selector: SelectSelector
2019-58-30 20:58:14-trigger_reload-INFO-D:\Study\School\e2e\app\djangoapp\backend\views.py changed, reloading.
2019-58-30 20:58:14-__init__-DEBUG-Using selector: SelectSelector
2019-58-30 20:58:18-trigger_reload-INFO-D:\Study\School\e2e\app\djangoapp\backend\views.py changed, reloading.
2019-58-30 20:58:18-__init__-DEBUG-Using selector: SelectSelector
2019-58-30 20:58:20-trigger_reload-INFO-D:\Study\School\e2e\app\djangoapp\backend\views.py changed, reloading.
2019-58-30 20:58:20-__init__-DEBUG-Using selector: SelectSelector
2019-58-30 20:58:30-trigger_reload-INFO-D:\Study\School\e2e\app\djangoapp\backend\views.py changed, reloading.
2019-58-30 20:58:30-__init__-DEBUG-Using selector: SelectSelector
2019-59-30 20:59:16-trigger_reload-INFO-D:\Study\School\e2e\app\djangoapp\backend\views.py changed, reloading.
2019-59-30 20:59:16-__init__-DEBUG-Using selector: SelectSelector
2019-59-30 20:59:25-trigger_reload-INFO-D:\Study\School\e2e\app\djangoapp\backend\views.py changed, reloading.
2019-59-30 20:59:25-__init__-DEBUG-Using selector: SelectSelector
2019-59-30 20:59:40-trigger_reload-INFO-D:\Study\School\e2e\app\djangoapp\backend\views.py changed, reloading.
2019-59-30 20:59:40-__init__-DEBUG-Using selector: SelectSelector
2019-59-30 20:59:47-trigger_reload-INFO-D:\Study\School\e2e\app\djangoapp\backend\views.py changed, reloading.
2019-59-30 20:59:47-__init__-DEBUG-Using selector: SelectSelector
2019-59-30 20:59:49-trigger_reload-INFO-D:\Study\School\e2e\app\djangoapp\backend\views.py changed, reloading.
2019-59-30 20:59:49-__init__-DEBUG-Using selector: SelectSelector
2019-00-30 21:00:01-trigger_reload-INFO-D:\Study\School\e2e\app\djangoapp\backend\views.py changed, reloading.
2019-00-30 21:00:01-__init__-DEBUG-Using selector: SelectSelector
2019-00-30 21:00:04-trigger_reload-INFO-D:\Study\School\e2e\app\djangoapp\backend\views.py changed, reloading.
2019-00-30 21:00:04-__init__-DEBUG-Using selector: SelectSelector
2019-00-30 21:00:07-trigger_reload-INFO-D:\Study\School\e2e\app\djangoapp\backend\views.py changed, reloading.
2019-00-30 21:00:07-__init__-DEBUG-Using selector: SelectSelector
2019-00-30 21:00:14-trigger_reload-INFO-D:\Study\School\e2e\app\djangoapp\backend\views.py changed, reloading.
2019-00-30 21:00:14-__init__-DEBUG-Using selector: SelectSelector
2019-00-30 21:00:30-trigger_reload-INFO-D:\Study\School\e2e\app\djangoapp\backend\views.py changed, reloading.
2019-00-30 21:00:30-__init__-DEBUG-Using selector: SelectSelector
2019-00-30 21:00:32-trigger_reload-INFO-D:\Study\School\e2e\app\djangoapp\backend\views.py changed, reloading.
2019-00-30 21:00:32-__init__-DEBUG-Using selector: SelectSelector
2019-00-30 21:00:42-trigger_reload-INFO-D:\Study\School\e2e\app\djangoapp\backend\views.py changed, reloading.
2019-00-30 21:00:42-__init__-DEBUG-Using selector: SelectSelector
2019-00-30 21:00:44-trigger_reload-INFO-D:\Study\School\e2e\app\djangoapp\backend\views.py changed, reloading.
2019-00-30 21:00:44-__init__-DEBUG-Using selector: SelectSelector
2019-00-30 21:00:47-trigger_reload-INFO-D:\Study\School\e2e\app\djangoapp\backend\views.py changed, reloading.
2019-00-30 21:00:47-__init__-DEBUG-Using selector: SelectSelector
2019-00-30 21:00:55-trigger_reload-INFO-D:\Study\School\e2e\app\djangoapp\backend\views.py changed, reloading.
2019-00-30 21:00:55-__init__-DEBUG-Using selector: SelectSelector
2019-01-30 21:01:06-trigger_reload-INFO-D:\Study\School\e2e\app\djangoapp\backend\views.py changed, reloading.
2019-01-30 21:01:06-__init__-DEBUG-Using selector: SelectSelector
2019-01-30 21:01:10-trigger_reload-INFO-D:\Study\School\e2e\app\djangoapp\backend\views.py changed, reloading.
2019-01-30 21:01:10-__init__-DEBUG-Using selector: SelectSelector
2019-01-30 21:01:20-trigger_reload-INFO-D:\Study\School\e2e\app\djangoapp\backend\views.py changed, reloading.
2019-01-30 21:01:20-__init__-DEBUG-Using selector: SelectSelector
2019-01-30 21:01:33-trigger_reload-INFO-D:\Study\School\e2e\app\djangoapp\backend\views.py changed, reloading.
2019-01-30 21:01:33-__init__-DEBUG-Using selector: SelectSelector
2019-01-30 21:01:35-trigger_reload-INFO-D:\Study\School\e2e\app\djangoapp\backend\views.py changed, reloading.
2019-01-30 21:01:35-__init__-DEBUG-Using selector: SelectSelector
2019-01-30 21:01:40-trigger_reload-INFO-D:\Study\School\e2e\app\djangoapp\backend\views.py changed, reloading.
2019-01-30 21:01:40-__init__-DEBUG-Using selector: SelectSelector
2019-01-30 21:01:47-trigger_reload-INFO-D:\Study\School\e2e\app\djangoapp\backend\views.py changed, reloading.
2019-01-30 21:01:47-__init__-DEBUG-Using selector: SelectSelector
2019-01-30 21:01:49-trigger_reload-INFO-D:\Study\School\e2e\app\djangoapp\backend\views.py changed, reloading.
2019-01-30 21:01:49-__init__-DEBUG-Using selector: SelectSelector
2019-01-30 21:01:54-trigger_reload-INFO-D:\Study\School\e2e\app\djangoapp\backend\views.py changed, reloading.
2019-01-30 21:01:54-__init__-DEBUG-Using selector: SelectSelector
2019-02-30 21:02:02-trigger_reload-INFO-D:\Study\School\e2e\app\djangoapp\backend\views.py changed, reloading.
2019-02-30 21:02:02-__init__-DEBUG-Using selector: SelectSelector
2019-02-30 21:02:39-trigger_reload-INFO-D:\Study\School\e2e\app\djangoapp\backend\views.py changed, reloading.
2019-02-30 21:02:39-__init__-DEBUG-Using selector: SelectSelector
2019-02-30 21:02:45-trigger_reload-INFO-D:\Study\School\e2e\app\djangoapp\backend\views.py changed, reloading.
2019-02-30 21:02:45-__init__-DEBUG-Using selector: SelectSelector
2019-03-30 21:03:01-trigger_reload-INFO-D:\Study\School\e2e\app\djangoapp\backend\urls.py changed, reloading.
2019-03-30 21:03:01-__init__-DEBUG-Using selector: SelectSelector
2019-03-30 21:03:18-trigger_reload-INFO-D:\Study\School\e2e\app\djangoapp\backend\urls.py changed, reloading.
2019-03-30 21:03:18-__init__-DEBUG-Using selector: SelectSelector
2019-03-30 21:03:22-trigger_reload-INFO-D:\Study\School\e2e\app\djangoapp\backend\urls.py changed, reloading.
2019-03-30 21:03:22-__init__-DEBUG-Using selector: SelectSelector
2019-03-30 21:03:27-trigger_reload-INFO-D:\Study\School\e2e\app\djangoapp\backend\urls.py changed, reloading.
2019-03-30 21:03:27-__init__-DEBUG-Using selector: SelectSelector
2019-03-30 21:03:29-trigger_reload-INFO-D:\Study\School\e2e\app\djangoapp\backend\urls.py changed, reloading.
2019-03-30 21:03:29-__init__-DEBUG-Using selector: SelectSelector
2019-03-30 21:03:33-trigger_reload-INFO-D:\Study\School\e2e\app\djangoapp\backend\urls.py changed, reloading.
2019-03-30 21:03:33-__init__-DEBUG-Using selector: SelectSelector
2019-03-30 21:03:37-trigger_reload-INFO-D:\Study\School\e2e\app\djangoapp\backend\urls.py changed, reloading.
2019-03-30 21:03:37-__init__-DEBUG-Using selector: SelectSelector
2019-03-30 21:03:40-trigger_reload-INFO-D:\Study\School\e2e\app\djangoapp\backend\urls.py changed, reloading.
2019-03-30 21:03:40-__init__-DEBUG-Using selector: SelectSelector
2019-03-30 21:03:42-trigger_reload-INFO-D:\Study\School\e2e\app\djangoapp\backend\urls.py changed, reloading.
2019-03-30 21:03:42-__init__-DEBUG-Using selector: SelectSelector
2019-03-30 21:03:47-trigger_reload-INFO-D:\Study\School\e2e\app\djangoapp\backend\urls.py changed, reloading.
2019-03-30 21:03:47-__init__-DEBUG-Using selector: SelectSelector
2019-03-30 21:03:50-trigger_reload-INFO-D:\Study\School\e2e\app\djangoapp\backend\urls.py changed, reloading.
2019-03-30 21:03:50-__init__-DEBUG-Using selector: SelectSelector
2019-03-30 21:03:53-trigger_reload-INFO-D:\Study\School\e2e\app\djangoapp\backend\urls.py changed, reloading.
2019-03-30 21:03:53-__init__-DEBUG-Using selector: SelectSelector
2019-04-30 21:04:19-trigger_reload-INFO-D:\Study\School\e2e\app\djangoapp\backend\urls.py changed, reloading.
2019-04-30 21:04:19-__init__-DEBUG-Using selector: SelectSelector
2019-04-30 21:04:24-trigger_reload-INFO-D:\Study\School\e2e\app\djangoapp\backend\urls.py changed, reloading.
2019-04-30 21:04:24-__init__-DEBUG-Using selector: SelectSelector
2019-04-30 21:04:26-trigger_reload-INFO-D:\Study\School\e2e\app\djangoapp\backend\urls.py changed, reloading.
2019-04-30 21:04:26-__init__-DEBUG-Using selector: SelectSelector
2019-04-30 21:04:31-trigger_reload-INFO-D:\Study\School\e2e\app\djangoapp\backend\urls.py changed, reloading.
2019-04-30 21:04:31-__init__-DEBUG-Using selector: SelectSelector
2019-04-30 21:04:34-trigger_reload-INFO-D:\Study\School\e2e\app\djangoapp\backend\urls.py changed, reloading.
2019-04-30 21:04:34-__init__-DEBUG-Using selector: SelectSelector
2019-04-30 21:04:38-trigger_reload-INFO-D:\Study\School\e2e\app\djangoapp\backend\urls.py changed, reloading.
2019-04-30 21:04:38-__init__-DEBUG-Using selector: SelectSelector
2019-09-30 21:09:47-trigger_reload-INFO-D:\Study\School\e2e\app\djangoapp\backend\views.py changed, reloading.
2019-09-30 21:09:47-__init__-DEBUG-Using selector: SelectSelector
2019-09-30 21:09:56-trigger_reload-INFO-D:\Study\School\e2e\app\djangoapp\backend\urls.py changed, reloading.
2019-09-30 21:09:56-__init__-DEBUG-Using selector: SelectSelector
2019-10-30 21:10:20-__init__-DEBUG-Using selector: SelectSelector
2019-25-30 21:25:40-log_response-ERROR-Internal Server Error: /apis/filter_messages/21342134
Traceback (most recent call last):
  File "C:\Users\Pisho\AppData\Roaming\Python\Python37\site-packages\django\core\handlers\exception.py", line 34, in inner
    response = get_response(request)
  File "C:\Users\Pisho\AppData\Roaming\Python\Python37\site-packages\django\core\handlers\base.py", line 115, in _get_response
    response = self.process_exception_by_middleware(e, request)
  File "C:\Users\Pisho\AppData\Roaming\Python\Python37\site-packages\django\core\handlers\base.py", line 113, in _get_response
    response = wrapped_callback(request, *callback_args, **callback_kwargs)
  File "C:\Users\Pisho\AppData\Roaming\Python\Python37\site-packages\django\views\decorators\csrf.py", line 54, in wrapped_view
    return view_func(*args, **kwargs)
  File "C:\Users\Pisho\AppData\Roaming\Python\Python37\site-packages\django\views\generic\base.py", line 71, in view
    return self.dispatch(request, *args, **kwargs)
  File "C:\Users\Pisho\AppData\Local\Programs\Python\Python37\lib\site-packages\rest_framework\views.py", line 505, in dispatch
    response = self.handle_exception(exc)
  File "C:\Users\Pisho\AppData\Local\Programs\Python\Python37\lib\site-packages\rest_framework\views.py", line 465, in handle_exception
    self.raise_uncaught_exception(exc)
  File "C:\Users\Pisho\AppData\Local\Programs\Python\Python37\lib\site-packages\rest_framework\views.py", line 476, in raise_uncaught_exception
    raise exc
  File "C:\Users\Pisho\AppData\Local\Programs\Python\Python37\lib\site-packages\rest_framework\views.py", line 502, in dispatch
    response = handler(request, *args, **kwargs)
  File "C:\Users\Pisho\AppData\Local\Programs\Python\Python37\lib\site-packages\rest_framework\decorators.py", line 50, in handler
    return func(*args, **kwargs)
  File "D:\Study\School\e2e\app\djangoapp\backend\views.py", line 96, in filter_messages
    return JsonResponse(result)
  File "C:\Users\Pisho\AppData\Roaming\Python\Python37\site-packages\django\http\response.py", line 587, in __init__
    data = json.dumps(data, cls=encoder, **json_dumps_params)
  File "C:\Users\Pisho\AppData\Local\Programs\Python\Python37\lib\json\__init__.py", line 238, in dumps
    **kw).encode(obj)
  File "C:\Users\Pisho\AppData\Local\Programs\Python\Python37\lib\json\encoder.py", line 199, in encode
    chunks = self.iterencode(o, _one_shot=True)
  File "C:\Users\Pisho\AppData\Local\Programs\Python\Python37\lib\json\encoder.py", line 257, in iterencode
    return _iterencode(o, 0)
  File "C:\Users\Pisho\AppData\Roaming\Python\Python37\site-packages\django\core\serializers\json.py", line 104, in default
    return super().default(o)
  File "C:\Users\Pisho\AppData\Local\Programs\Python\Python37\lib\json\encoder.py", line 179, in default
    raise TypeError(f'Object of type {o.__class__.__name__} '
TypeError: Object of type MessagesSerializer is not JSON serializable
2019-26-30 21:26:00-trigger_reload-INFO-D:\Study\School\e2e\app\djangoapp\backend\views.py changed, reloading.
2019-26-30 21:26:00-__init__-DEBUG-Using selector: SelectSelector
2019-26-30 21:26:02-log_response-ERROR-Internal Server Error: /apis/filter_messages/21342134
Traceback (most recent call last):
  File "C:\Users\Pisho\AppData\Local\Programs\Python\Python37\lib\site-packages\rest_framework\fields.py", line 454, in get_attribute
    return get_attribute(instance, self.source_attrs)
  File "C:\Users\Pisho\AppData\Local\Programs\Python\Python37\lib\site-packages\rest_framework\fields.py", line 94, in get_attribute
    instance = getattr(instance, attr)
AttributeError: 'RawQuerySet' object has no attribute 'fromUserid'

During handling of the above exception, another exception occurred:

Traceback (most recent call last):
  File "C:\Users\Pisho\AppData\Roaming\Python\Python37\site-packages\django\core\handlers\exception.py", line 34, in inner
    response = get_response(request)
  File "C:\Users\Pisho\AppData\Roaming\Python\Python37\site-packages\django\core\handlers\base.py", line 115, in _get_response
    response = self.process_exception_by_middleware(e, request)
  File "C:\Users\Pisho\AppData\Roaming\Python\Python37\site-packages\django\core\handlers\base.py", line 113, in _get_response
    response = wrapped_callback(request, *callback_args, **callback_kwargs)
  File "C:\Users\Pisho\AppData\Roaming\Python\Python37\site-packages\django\views\decorators\csrf.py", line 54, in wrapped_view
    return view_func(*args, **kwargs)
  File "C:\Users\Pisho\AppData\Roaming\Python\Python37\site-packages\django\views\generic\base.py", line 71, in view
    return self.dispatch(request, *args, **kwargs)
  File "C:\Users\Pisho\AppData\Local\Programs\Python\Python37\lib\site-packages\rest_framework\views.py", line 505, in dispatch
    response = self.handle_exception(exc)
  File "C:\Users\Pisho\AppData\Local\Programs\Python\Python37\lib\site-packages\rest_framework\views.py", line 465, in handle_exception
    self.raise_uncaught_exception(exc)
  File "C:\Users\Pisho\AppData\Local\Programs\Python\Python37\lib\site-packages\rest_framework\views.py", line 476, in raise_uncaught_exception
    raise exc
  File "C:\Users\Pisho\AppData\Local\Programs\Python\Python37\lib\site-packages\rest_framework\views.py", line 502, in dispatch
    response = handler(request, *args, **kwargs)
  File "C:\Users\Pisho\AppData\Local\Programs\Python\Python37\lib\site-packages\rest_framework\decorators.py", line 50, in handler
    return func(*args, **kwargs)
  File "D:\Study\School\e2e\app\djangoapp\backend\views.py", line 95, in filter_messages
    result = {"code": 1, "data": serializer.data, "result": "与该用户的来往记录。"}
  File "C:\Users\Pisho\AppData\Local\Programs\Python\Python37\lib\site-packages\rest_framework\serializers.py", line 562, in data
    ret = super().data
  File "C:\Users\Pisho\AppData\Local\Programs\Python\Python37\lib\site-packages\rest_framework\serializers.py", line 260, in data
    self._data = self.to_representation(self.instance)
  File "C:\Users\Pisho\AppData\Local\Programs\Python\Python37\lib\site-packages\rest_framework\serializers.py", line 516, in to_representation
    attribute = field.get_attribute(instance)
  File "C:\Users\Pisho\AppData\Local\Programs\Python\Python37\lib\site-packages\rest_framework\fields.py", line 487, in get_attribute
    raise type(exc)(msg)
AttributeError: Got AttributeError when attempting to get a value for field `fromUserid` on serializer `MessagesSerializer`.
The serializer field might be named incorrectly and not match any attribute or key on the `RawQuerySet` instance.
Original exception text was: 'RawQuerySet' object has no attribute 'fromUserid'.
2019-26-30 21:26:30-trigger_reload-INFO-D:\Study\School\e2e\app\djangoapp\backend\views.py changed, reloading.
2019-26-30 21:26:30-__init__-DEBUG-Using selector: SelectSelector
2019-26-30 21:26:33-log_response-ERROR-Internal Server Error: /apis/filter_messages/21342134
Traceback (most recent call last):
  File "C:\Users\Pisho\AppData\Local\Programs\Python\Python37\lib\site-packages\rest_framework\fields.py", line 454, in get_attribute
    return get_attribute(instance, self.source_attrs)
  File "C:\Users\Pisho\AppData\Local\Programs\Python\Python37\lib\site-packages\rest_framework\fields.py", line 94, in get_attribute
    instance = getattr(instance, attr)
AttributeError: 'RawQuerySet' object has no attribute 'fromUserid'

During handling of the above exception, another exception occurred:

Traceback (most recent call last):
  File "C:\Users\Pisho\AppData\Roaming\Python\Python37\site-packages\django\core\handlers\exception.py", line 34, in inner
    response = get_response(request)
  File "C:\Users\Pisho\AppData\Roaming\Python\Python37\site-packages\django\core\handlers\base.py", line 115, in _get_response
    response = self.process_exception_by_middleware(e, request)
  File "C:\Users\Pisho\AppData\Roaming\Python\Python37\site-packages\django\core\handlers\base.py", line 113, in _get_response
    response = wrapped_callback(request, *callback_args, **callback_kwargs)
  File "C:\Users\Pisho\AppData\Roaming\Python\Python37\site-packages\django\views\decorators\csrf.py", line 54, in wrapped_view
    return view_func(*args, **kwargs)
  File "C:\Users\Pisho\AppData\Roaming\Python\Python37\site-packages\django\views\generic\base.py", line 71, in view
    return self.dispatch(request, *args, **kwargs)
  File "C:\Users\Pisho\AppData\Local\Programs\Python\Python37\lib\site-packages\rest_framework\views.py", line 505, in dispatch
    response = self.handle_exception(exc)
  File "C:\Users\Pisho\AppData\Local\Programs\Python\Python37\lib\site-packages\rest_framework\views.py", line 465, in handle_exception
    self.raise_uncaught_exception(exc)
  File "C:\Users\Pisho\AppData\Local\Programs\Python\Python37\lib\site-packages\rest_framework\views.py", line 476, in raise_uncaught_exception
    raise exc
  File "C:\Users\Pisho\AppData\Local\Programs\Python\Python37\lib\site-packages\rest_framework\views.py", line 502, in dispatch
    response = handler(request, *args, **kwargs)
  File "C:\Users\Pisho\AppData\Local\Programs\Python\Python37\lib\site-packages\rest_framework\decorators.py", line 50, in handler
    return func(*args, **kwargs)
  File "D:\Study\School\e2e\app\djangoapp\backend\views.py", line 95, in filter_messages
    result = {"code": 1, "data": serializer.data, "result": "与该用户的来往记录。"}
  File "C:\Users\Pisho\AppData\Local\Programs\Python\Python37\lib\site-packages\rest_framework\serializers.py", line 562, in data
    ret = super().data
  File "C:\Users\Pisho\AppData\Local\Programs\Python\Python37\lib\site-packages\rest_framework\serializers.py", line 260, in data
    self._data = self.to_representation(self.instance)
  File "C:\Users\Pisho\AppData\Local\Programs\Python\Python37\lib\site-packages\rest_framework\serializers.py", line 516, in to_representation
    attribute = field.get_attribute(instance)
  File "C:\Users\Pisho\AppData\Local\Programs\Python\Python37\lib\site-packages\rest_framework\fields.py", line 487, in get_attribute
    raise type(exc)(msg)
AttributeError: Got AttributeError when attempting to get a value for field `fromUserid` on serializer `MessagesSerializer`.
The serializer field might be named incorrectly and not match any attribute or key on the `RawQuerySet` instance.
Original exception text was: 'RawQuerySet' object has no attribute 'fromUserid'.
2019-26-30 21:26:57-trigger_reload-INFO-D:\Study\School\e2e\app\djangoapp\backend\views.py changed, reloading.
2019-26-30 21:26:57-__init__-DEBUG-Using selector: SelectSelector
2019-27-30 21:27:59-trigger_reload-INFO-D:\Study\School\e2e\app\djangoapp\backend\views.py changed, reloading.
2019-27-30 21:27:59-__init__-DEBUG-Using selector: SelectSelector
2019-30-30 21:30:02-trigger_reload-INFO-D:\Study\School\e2e\app\djangoapp\backend\views.py changed, reloading.
2019-30-30 21:30:02-__init__-DEBUG-Using selector: SelectSelector
2019-30-30 21:30:04-trigger_reload-INFO-D:\Study\School\e2e\app\djangoapp\backend\views.py changed, reloading.
2019-30-30 21:30:04-__init__-DEBUG-Using selector: SelectSelector
2019-30-30 21:30:08-log_response-ERROR-Internal Server Error: /apis/filter_messages/21342134
Traceback (most recent call last):
  File "C:\Users\Pisho\AppData\Local\Programs\Python\Python37\lib\site-packages\rest_framework\fields.py", line 454, in get_attribute
    return get_attribute(instance, self.source_attrs)
  File "C:\Users\Pisho\AppData\Local\Programs\Python\Python37\lib\site-packages\rest_framework\fields.py", line 94, in get_attribute
    instance = getattr(instance, attr)
AttributeError: 'RawQuerySet' object has no attribute 'fromUserid'

During handling of the above exception, another exception occurred:

Traceback (most recent call last):
  File "C:\Users\Pisho\AppData\Roaming\Python\Python37\site-packages\django\core\handlers\exception.py", line 34, in inner
    response = get_response(request)
  File "C:\Users\Pisho\AppData\Roaming\Python\Python37\site-packages\django\core\handlers\base.py", line 115, in _get_response
    response = self.process_exception_by_middleware(e, request)
  File "C:\Users\Pisho\AppData\Roaming\Python\Python37\site-packages\django\core\handlers\base.py", line 113, in _get_response
    response = wrapped_callback(request, *callback_args, **callback_kwargs)
  File "C:\Users\Pisho\AppData\Roaming\Python\Python37\site-packages\django\views\decorators\csrf.py", line 54, in wrapped_view
    return view_func(*args, **kwargs)
  File "C:\Users\Pisho\AppData\Roaming\Python\Python37\site-packages\django\views\generic\base.py", line 71, in view
    return self.dispatch(request, *args, **kwargs)
  File "C:\Users\Pisho\AppData\Local\Programs\Python\Python37\lib\site-packages\rest_framework\views.py", line 505, in dispatch
    response = self.handle_exception(exc)
  File "C:\Users\Pisho\AppData\Local\Programs\Python\Python37\lib\site-packages\rest_framework\views.py", line 465, in handle_exception
    self.raise_uncaught_exception(exc)
  File "C:\Users\Pisho\AppData\Local\Programs\Python\Python37\lib\site-packages\rest_framework\views.py", line 476, in raise_uncaught_exception
    raise exc
  File "C:\Users\Pisho\AppData\Local\Programs\Python\Python37\lib\site-packages\rest_framework\views.py", line 502, in dispatch
    response = handler(request, *args, **kwargs)
  File "C:\Users\Pisho\AppData\Local\Programs\Python\Python37\lib\site-packages\rest_framework\decorators.py", line 50, in handler
    return func(*args, **kwargs)
  File "D:\Study\School\e2e\app\djangoapp\backend\views.py", line 95, in filter_messages
    result = {"code": 1, "data": serializer.data, "result": "与该用户的来往记录。"}
  File "C:\Users\Pisho\AppData\Local\Programs\Python\Python37\lib\site-packages\rest_framework\serializers.py", line 562, in data
    ret = super().data
  File "C:\Users\Pisho\AppData\Local\Programs\Python\Python37\lib\site-packages\rest_framework\serializers.py", line 260, in data
    self._data = self.to_representation(self.instance)
  File "C:\Users\Pisho\AppData\Local\Programs\Python\Python37\lib\site-packages\rest_framework\serializers.py", line 516, in to_representation
    attribute = field.get_attribute(instance)
  File "C:\Users\Pisho\AppData\Local\Programs\Python\Python37\lib\site-packages\rest_framework\fields.py", line 487, in get_attribute
    raise type(exc)(msg)
AttributeError: Got AttributeError when attempting to get a value for field `fromUserid` on serializer `MessagesSerializer`.
The serializer field might be named incorrectly and not match any attribute or key on the `RawQuerySet` instance.
Original exception text was: 'RawQuerySet' object has no attribute 'fromUserid'.
2019-30-30 21:30:58-__init__-DEBUG-Using selector: SelectSelector
2019-31-30 21:31:03-__init__-DEBUG-Using selector: SelectSelector
2019-31-30 21:31:07-__init__-DEBUG-Using selector: SelectSelector
2019-31-30 21:31:14-log_response-ERROR-Internal Server Error: /apis/filter_messages/21342134
Traceback (most recent call last):
  File "C:\Users\Pisho\AppData\Local\Programs\Python\Python37\lib\site-packages\rest_framework\fields.py", line 454, in get_attribute
    return get_attribute(instance, self.source_attrs)
  File "C:\Users\Pisho\AppData\Local\Programs\Python\Python37\lib\site-packages\rest_framework\fields.py", line 94, in get_attribute
    instance = getattr(instance, attr)
AttributeError: 'RawQuerySet' object has no attribute 'fromUserid'

During handling of the above exception, another exception occurred:

Traceback (most recent call last):
  File "C:\Users\Pisho\AppData\Roaming\Python\Python37\site-packages\django\core\handlers\exception.py", line 34, in inner
    response = get_response(request)
  File "C:\Users\Pisho\AppData\Roaming\Python\Python37\site-packages\django\core\handlers\base.py", line 115, in _get_response
    response = self.process_exception_by_middleware(e, request)
  File "C:\Users\Pisho\AppData\Roaming\Python\Python37\site-packages\django\core\handlers\base.py", line 113, in _get_response
    response = wrapped_callback(request, *callback_args, **callback_kwargs)
  File "C:\Users\Pisho\AppData\Roaming\Python\Python37\site-packages\django\views\decorators\csrf.py", line 54, in wrapped_view
    return view_func(*args, **kwargs)
  File "C:\Users\Pisho\AppData\Roaming\Python\Python37\site-packages\django\views\generic\base.py", line 71, in view
    return self.dispatch(request, *args, **kwargs)
  File "C:\Users\Pisho\AppData\Local\Programs\Python\Python37\lib\site-packages\rest_framework\views.py", line 505, in dispatch
    response = self.handle_exception(exc)
  File "C:\Users\Pisho\AppData\Local\Programs\Python\Python37\lib\site-packages\rest_framework\views.py", line 465, in handle_exception
    self.raise_uncaught_exception(exc)
  File "C:\Users\Pisho\AppData\Local\Programs\Python\Python37\lib\site-packages\rest_framework\views.py", line 476, in raise_uncaught_exception
    raise exc
  File "C:\Users\Pisho\AppData\Local\Programs\Python\Python37\lib\site-packages\rest_framework\views.py", line 502, in dispatch
    response = handler(request, *args, **kwargs)
  File "C:\Users\Pisho\AppData\Local\Programs\Python\Python37\lib\site-packages\rest_framework\decorators.py", line 50, in handler
    return func(*args, **kwargs)
  File "D:\Study\School\e2e\app\djangoapp\backend\views.py", line 95, in filter_messages
    result = {"code": 1, "data": serializer.data, "result": "与该用户的来往记录。"}
  File "C:\Users\Pisho\AppData\Local\Programs\Python\Python37\lib\site-packages\rest_framework\serializers.py", line 562, in data
    ret = super().data
  File "C:\Users\Pisho\AppData\Local\Programs\Python\Python37\lib\site-packages\rest_framework\serializers.py", line 260, in data
    self._data = self.to_representation(self.instance)
  File "C:\Users\Pisho\AppData\Local\Programs\Python\Python37\lib\site-packages\rest_framework\serializers.py", line 516, in to_representation
    attribute = field.get_attribute(instance)
  File "C:\Users\Pisho\AppData\Local\Programs\Python\Python37\lib\site-packages\rest_framework\fields.py", line 487, in get_attribute
    raise type(exc)(msg)
AttributeError: Got AttributeError when attempting to get a value for field `fromUserid` on serializer `MessagesSerializer`.
The serializer field might be named incorrectly and not match any attribute or key on the `RawQuerySet` instance.
Original exception text was: 'RawQuerySet' object has no attribute 'fromUserid'.
2019-31-30 21:31:59-trigger_reload-INFO-D:\Study\School\e2e\app\djangoapp\backend\views.py changed, reloading.
2019-31-30 21:31:59-__init__-DEBUG-Using selector: SelectSelector
2019-32-30 21:32:03-trigger_reload-INFO-D:\Study\School\e2e\app\djangoapp\backend\views.py changed, reloading.
2019-32-30 21:32:03-__init__-DEBUG-Using selector: SelectSelector
2019-32-30 21:32:04-log_response-ERROR-Internal Server Error: /apis/filter_messages/21342134
Traceback (most recent call last):
  File "C:\Users\Pisho\AppData\Local\Programs\Python\Python37\lib\site-packages\rest_framework\fields.py", line 454, in get_attribute
    return get_attribute(instance, self.source_attrs)
  File "C:\Users\Pisho\AppData\Local\Programs\Python\Python37\lib\site-packages\rest_framework\fields.py", line 94, in get_attribute
    instance = getattr(instance, attr)
AttributeError: 'RawQuerySet' object has no attribute 'fromUserid'

During handling of the above exception, another exception occurred:

Traceback (most recent call last):
  File "C:\Users\Pisho\AppData\Roaming\Python\Python37\site-packages\django\core\handlers\exception.py", line 34, in inner
    response = get_response(request)
  File "C:\Users\Pisho\AppData\Roaming\Python\Python37\site-packages\django\core\handlers\base.py", line 115, in _get_response
    response = self.process_exception_by_middleware(e, request)
  File "C:\Users\Pisho\AppData\Roaming\Python\Python37\site-packages\django\core\handlers\base.py", line 113, in _get_response
    response = wrapped_callback(request, *callback_args, **callback_kwargs)
  File "C:\Users\Pisho\AppData\Roaming\Python\Python37\site-packages\django\views\decorators\csrf.py", line 54, in wrapped_view
    return view_func(*args, **kwargs)
  File "C:\Users\Pisho\AppData\Roaming\Python\Python37\site-packages\django\views\generic\base.py", line 71, in view
    return self.dispatch(request, *args, **kwargs)
  File "C:\Users\Pisho\AppData\Local\Programs\Python\Python37\lib\site-packages\rest_framework\views.py", line 505, in dispatch
    response = self.handle_exception(exc)
  File "C:\Users\Pisho\AppData\Local\Programs\Python\Python37\lib\site-packages\rest_framework\views.py", line 465, in handle_exception
    self.raise_uncaught_exception(exc)
  File "C:\Users\Pisho\AppData\Local\Programs\Python\Python37\lib\site-packages\rest_framework\views.py", line 476, in raise_uncaught_exception
    raise exc
  File "C:\Users\Pisho\AppData\Local\Programs\Python\Python37\lib\site-packages\rest_framework\views.py", line 502, in dispatch
    response = handler(request, *args, **kwargs)
  File "C:\Users\Pisho\AppData\Local\Programs\Python\Python37\lib\site-packages\rest_framework\decorators.py", line 50, in handler
    return func(*args, **kwargs)
  File "D:\Study\School\e2e\app\djangoapp\backend\views.py", line 95, in filter_messages
    result = {"code": 1, "data": serializer.data, "result": "与该用户的来往记录。"}
  File "C:\Users\Pisho\AppData\Local\Programs\Python\Python37\lib\site-packages\rest_framework\serializers.py", line 562, in data
    ret = super().data
  File "C:\Users\Pisho\AppData\Local\Programs\Python\Python37\lib\site-packages\rest_framework\serializers.py", line 260, in data
    self._data = self.to_representation(self.instance)
  File "C:\Users\Pisho\AppData\Local\Programs\Python\Python37\lib\site-packages\rest_framework\serializers.py", line 516, in to_representation
    attribute = field.get_attribute(instance)
  File "C:\Users\Pisho\AppData\Local\Programs\Python\Python37\lib\site-packages\rest_framework\fields.py", line 487, in get_attribute
    raise type(exc)(msg)
AttributeError: Got AttributeError when attempting to get a value for field `fromUserid` on serializer `MessagesSerializer`.
The serializer field might be named incorrectly and not match any attribute or key on the `RawQuerySet` instance.
Original exception text was: 'RawQuerySet' object has no attribute 'fromUserid'.
2019-35-30 21:35:19-trigger_reload-INFO-D:\Study\School\e2e\app\djangoapp\backend\views.py changed, reloading.
2019-35-30 21:35:19-__init__-DEBUG-Using selector: SelectSelector
2019-35-30 21:35:24-log_response-ERROR-Internal Server Error: /apis/filter_messages/21342134
Traceback (most recent call last):
  File "C:\Users\Pisho\AppData\Local\Programs\Python\Python37\lib\site-packages\rest_framework\fields.py", line 454, in get_attribute
    return get_attribute(instance, self.source_attrs)
  File "C:\Users\Pisho\AppData\Local\Programs\Python\Python37\lib\site-packages\rest_framework\fields.py", line 94, in get_attribute
    instance = getattr(instance, attr)
AttributeError: 'RawQuerySet' object has no attribute 'fromUserid'

During handling of the above exception, another exception occurred:

Traceback (most recent call last):
  File "C:\Users\Pisho\AppData\Roaming\Python\Python37\site-packages\django\core\handlers\exception.py", line 34, in inner
    response = get_response(request)
  File "C:\Users\Pisho\AppData\Roaming\Python\Python37\site-packages\django\core\handlers\base.py", line 115, in _get_response
    response = self.process_exception_by_middleware(e, request)
  File "C:\Users\Pisho\AppData\Roaming\Python\Python37\site-packages\django\core\handlers\base.py", line 113, in _get_response
    response = wrapped_callback(request, *callback_args, **callback_kwargs)
  File "C:\Users\Pisho\AppData\Roaming\Python\Python37\site-packages\django\views\decorators\csrf.py", line 54, in wrapped_view
    return view_func(*args, **kwargs)
  File "C:\Users\Pisho\AppData\Roaming\Python\Python37\site-packages\django\views\generic\base.py", line 71, in view
    return self.dispatch(request, *args, **kwargs)
  File "C:\Users\Pisho\AppData\Local\Programs\Python\Python37\lib\site-packages\rest_framework\views.py", line 505, in dispatch
    response = self.handle_exception(exc)
  File "C:\Users\Pisho\AppData\Local\Programs\Python\Python37\lib\site-packages\rest_framework\views.py", line 465, in handle_exception
    self.raise_uncaught_exception(exc)
  File "C:\Users\Pisho\AppData\Local\Programs\Python\Python37\lib\site-packages\rest_framework\views.py", line 476, in raise_uncaught_exception
    raise exc
  File "C:\Users\Pisho\AppData\Local\Programs\Python\Python37\lib\site-packages\rest_framework\views.py", line 502, in dispatch
    response = handler(request, *args, **kwargs)
  File "C:\Users\Pisho\AppData\Local\Programs\Python\Python37\lib\site-packages\rest_framework\decorators.py", line 50, in handler
    return func(*args, **kwargs)
  File "D:\Study\School\e2e\app\djangoapp\backend\views.py", line 95, in filter_messages
    result = {"code": 1, "data": serializer.data, "result": "与该用户的来往记录。"}
  File "C:\Users\Pisho\AppData\Local\Programs\Python\Python37\lib\site-packages\rest_framework\serializers.py", line 562, in data
    ret = super().data
  File "C:\Users\Pisho\AppData\Local\Programs\Python\Python37\lib\site-packages\rest_framework\serializers.py", line 260, in data
    self._data = self.to_representation(self.instance)
  File "C:\Users\Pisho\AppData\Local\Programs\Python\Python37\lib\site-packages\rest_framework\serializers.py", line 516, in to_representation
    attribute = field.get_attribute(instance)
  File "C:\Users\Pisho\AppData\Local\Programs\Python\Python37\lib\site-packages\rest_framework\fields.py", line 487, in get_attribute
    raise type(exc)(msg)
AttributeError: Got AttributeError when attempting to get a value for field `fromUserid` on serializer `MessagesSerializer`.
The serializer field might be named incorrectly and not match any attribute or key on the `RawQuerySet` instance.
Original exception text was: 'RawQuerySet' object has no attribute 'fromUserid'.
2019-35-30 21:35:49-trigger_reload-INFO-D:\Study\School\e2e\app\djangoapp\backend\views.py changed, reloading.
2019-35-30 21:35:49-__init__-DEBUG-Using selector: SelectSelector
2019-35-30 21:35:52-trigger_reload-INFO-D:\Study\School\e2e\app\djangoapp\backend\views.py changed, reloading.
2019-35-30 21:35:52-__init__-DEBUG-Using selector: SelectSelector
2019-35-30 21:35:55-log_response-ERROR-Internal Server Error: /apis/filter_messages/21342134
Traceback (most recent call last):
  File "C:\Users\Pisho\AppData\Local\Programs\Python\Python37\lib\site-packages\rest_framework\fields.py", line 454, in get_attribute
    return get_attribute(instance, self.source_attrs)
  File "C:\Users\Pisho\AppData\Local\Programs\Python\Python37\lib\site-packages\rest_framework\fields.py", line 94, in get_attribute
    instance = getattr(instance, attr)
AttributeError: 'RawQuerySet' object has no attribute 'fromUserid'

During handling of the above exception, another exception occurred:

Traceback (most recent call last):
  File "C:\Users\Pisho\AppData\Roaming\Python\Python37\site-packages\django\core\handlers\exception.py", line 34, in inner
    response = get_response(request)
  File "C:\Users\Pisho\AppData\Roaming\Python\Python37\site-packages\django\core\handlers\base.py", line 115, in _get_response
    response = self.process_exception_by_middleware(e, request)
  File "C:\Users\Pisho\AppData\Roaming\Python\Python37\site-packages\django\core\handlers\base.py", line 113, in _get_response
    response = wrapped_callback(request, *callback_args, **callback_kwargs)
  File "C:\Users\Pisho\AppData\Roaming\Python\Python37\site-packages\django\views\decorators\csrf.py", line 54, in wrapped_view
    return view_func(*args, **kwargs)
  File "C:\Users\Pisho\AppData\Roaming\Python\Python37\site-packages\django\views\generic\base.py", line 71, in view
    return self.dispatch(request, *args, **kwargs)
  File "C:\Users\Pisho\AppData\Local\Programs\Python\Python37\lib\site-packages\rest_framework\views.py", line 505, in dispatch
    response = self.handle_exception(exc)
  File "C:\Users\Pisho\AppData\Local\Programs\Python\Python37\lib\site-packages\rest_framework\views.py", line 465, in handle_exception
    self.raise_uncaught_exception(exc)
  File "C:\Users\Pisho\AppData\Local\Programs\Python\Python37\lib\site-packages\rest_framework\views.py", line 476, in raise_uncaught_exception
    raise exc
  File "C:\Users\Pisho\AppData\Local\Programs\Python\Python37\lib\site-packages\rest_framework\views.py", line 502, in dispatch
    response = handler(request, *args, **kwargs)
  File "C:\Users\Pisho\AppData\Local\Programs\Python\Python37\lib\site-packages\rest_framework\decorators.py", line 50, in handler
    return func(*args, **kwargs)
  File "D:\Study\School\e2e\app\djangoapp\backend\views.py", line 95, in filter_messages
    print(serializer.data)
  File "C:\Users\Pisho\AppData\Local\Programs\Python\Python37\lib\site-packages\rest_framework\serializers.py", line 562, in data
    ret = super().data
  File "C:\Users\Pisho\AppData\Local\Programs\Python\Python37\lib\site-packages\rest_framework\serializers.py", line 260, in data
    self._data = self.to_representation(self.instance)
  File "C:\Users\Pisho\AppData\Local\Programs\Python\Python37\lib\site-packages\rest_framework\serializers.py", line 516, in to_representation
    attribute = field.get_attribute(instance)
  File "C:\Users\Pisho\AppData\Local\Programs\Python\Python37\lib\site-packages\rest_framework\fields.py", line 487, in get_attribute
    raise type(exc)(msg)
AttributeError: Got AttributeError when attempting to get a value for field `fromUserid` on serializer `MessagesSerializer`.
The serializer field might be named incorrectly and not match any attribute or key on the `RawQuerySet` instance.
Original exception text was: 'RawQuerySet' object has no attribute 'fromUserid'.
2019-38-30 21:38:06-trigger_reload-INFO-D:\Study\School\e2e\app\djangoapp\backend\views.py changed, reloading.
2019-38-30 21:38:06-__init__-DEBUG-Using selector: SelectSelector
2019-38-30 21:38:12-trigger_reload-INFO-D:\Study\School\e2e\app\djangoapp\backend\views.py changed, reloading.
2019-38-30 21:38:12-__init__-DEBUG-Using selector: SelectSelector
2019-38-30 21:38:14-trigger_reload-INFO-D:\Study\School\e2e\app\djangoapp\backend\views.py changed, reloading.
2019-38-30 21:38:14-__init__-DEBUG-Using selector: SelectSelector
2019-38-30 21:38:18-trigger_reload-INFO-D:\Study\School\e2e\app\djangoapp\backend\views.py changed, reloading.
2019-38-30 21:38:18-__init__-DEBUG-Using selector: SelectSelector
2019-38-30 21:38:21-trigger_reload-INFO-D:\Study\School\e2e\app\djangoapp\backend\views.py changed, reloading.
2019-38-30 21:38:21-__init__-DEBUG-Using selector: SelectSelector
2019-38-30 21:38:28-trigger_reload-INFO-D:\Study\School\e2e\app\djangoapp\backend\views.py changed, reloading.
2019-38-30 21:38:28-__init__-DEBUG-Using selector: SelectSelector
2019-38-30 21:38:31-trigger_reload-INFO-D:\Study\School\e2e\app\djangoapp\backend\views.py changed, reloading.
2019-38-30 21:38:31-__init__-DEBUG-Using selector: SelectSelector
2019-38-30 21:38:34-trigger_reload-INFO-D:\Study\School\e2e\app\djangoapp\backend\views.py changed, reloading.
2019-38-30 21:38:34-__init__-DEBUG-Using selector: SelectSelector
2019-38-30 21:38:36-trigger_reload-INFO-D:\Study\School\e2e\app\djangoapp\backend\views.py changed, reloading.
2019-38-30 21:38:36-__init__-DEBUG-Using selector: SelectSelector
2019-38-30 21:38:40-trigger_reload-INFO-D:\Study\School\e2e\app\djangoapp\backend\views.py changed, reloading.
2019-38-30 21:38:40-__init__-DEBUG-Using selector: SelectSelector
2019-38-30 21:38:44-trigger_reload-INFO-D:\Study\School\e2e\app\djangoapp\backend\views.py changed, reloading.
2019-38-30 21:38:44-__init__-DEBUG-Using selector: SelectSelector
2019-38-30 21:38:48-log_response-ERROR-Internal Server Error: /apis/filter_messages/21342134
Traceback (most recent call last):
  File "C:\Users\Pisho\AppData\Roaming\Python\Python37\site-packages\django\core\handlers\exception.py", line 34, in inner
    response = get_response(request)
  File "C:\Users\Pisho\AppData\Roaming\Python\Python37\site-packages\django\core\handlers\base.py", line 115, in _get_response
    response = self.process_exception_by_middleware(e, request)
  File "C:\Users\Pisho\AppData\Roaming\Python\Python37\site-packages\django\core\handlers\base.py", line 113, in _get_response
    response = wrapped_callback(request, *callback_args, **callback_kwargs)
  File "C:\Users\Pisho\AppData\Roaming\Python\Python37\site-packages\django\views\decorators\csrf.py", line 54, in wrapped_view
    return view_func(*args, **kwargs)
  File "C:\Users\Pisho\AppData\Roaming\Python\Python37\site-packages\django\views\generic\base.py", line 71, in view
    return self.dispatch(request, *args, **kwargs)
  File "C:\Users\Pisho\AppData\Local\Programs\Python\Python37\lib\site-packages\rest_framework\views.py", line 505, in dispatch
    response = self.handle_exception(exc)
  File "C:\Users\Pisho\AppData\Local\Programs\Python\Python37\lib\site-packages\rest_framework\views.py", line 465, in handle_exception
    self.raise_uncaught_exception(exc)
  File "C:\Users\Pisho\AppData\Local\Programs\Python\Python37\lib\site-packages\rest_framework\views.py", line 476, in raise_uncaught_exception
    raise exc
  File "C:\Users\Pisho\AppData\Local\Programs\Python\Python37\lib\site-packages\rest_framework\views.py", line 502, in dispatch
    response = handler(request, *args, **kwargs)
  File "C:\Users\Pisho\AppData\Local\Programs\Python\Python37\lib\site-packages\rest_framework\decorators.py", line 50, in handler
    return func(*args, **kwargs)
  File "D:\Study\School\e2e\app\djangoapp\backend\views.py", line 87, in filter_messages
    logging_in = request.COOKIES["logining_userid"]
KeyError: 'logining_userid'
2019-38-30 21:38:54-trigger_reload-INFO-D:\Study\School\e2e\app\djangoapp\backend\views.py changed, reloading.
2019-38-30 21:38:54-__init__-DEBUG-Using selector: SelectSelector
2019-39-30 21:39:10-trigger_reload-INFO-D:\Study\School\e2e\app\djangoapp\backend\views.py changed, reloading.
2019-39-30 21:39:10-__init__-DEBUG-Using selector: SelectSelector
2019-48-30 21:48:46-trigger_reload-INFO-D:\Study\School\e2e\app\djangoapp\backend\views.py changed, reloading.
2019-48-30 21:48:46-__init__-DEBUG-Using selector: SelectSelector
2019-48-30 21:48:48-trigger_reload-INFO-D:\Study\School\e2e\app\djangoapp\backend\views.py changed, reloading.
2019-48-30 21:48:48-__init__-DEBUG-Using selector: SelectSelector
2019-48-30 21:48:51-trigger_reload-INFO-D:\Study\School\e2e\app\djangoapp\backend\views.py changed, reloading.
2019-48-30 21:48:51-__init__-DEBUG-Using selector: SelectSelector
2019-48-30 21:48:54-trigger_reload-INFO-D:\Study\School\e2e\app\djangoapp\backend\views.py changed, reloading.
2019-48-30 21:48:54-__init__-DEBUG-Using selector: SelectSelector
2019-48-30 21:48:59-trigger_reload-INFO-D:\Study\School\e2e\app\djangoapp\backend\views.py changed, reloading.
2019-48-30 21:48:59-__init__-DEBUG-Using selector: SelectSelector
2019-49-30 21:49:02-trigger_reload-INFO-D:\Study\School\e2e\app\djangoapp\backend\views.py changed, reloading.
2019-49-30 21:49:02-__init__-DEBUG-Using selector: SelectSelector
2019-49-30 21:49:05-trigger_reload-INFO-D:\Study\School\e2e\app\djangoapp\backend\views.py changed, reloading.
2019-49-30 21:49:05-__init__-DEBUG-Using selector: SelectSelector
2019-49-30 21:49:07-trigger_reload-INFO-D:\Study\School\e2e\app\djangoapp\backend\views.py changed, reloading.
2019-49-30 21:49:07-__init__-DEBUG-Using selector: SelectSelector
2019-49-30 21:49:11-trigger_reload-INFO-D:\Study\School\e2e\app\djangoapp\backend\views.py changed, reloading.
2019-49-30 21:49:11-__init__-DEBUG-Using selector: SelectSelector
2019-49-30 21:49:22-log_response-ERROR-Internal Server Error: /apis/filter_messages/21342134
Traceback (most recent call last):
  File "C:\Users\Pisho\AppData\Roaming\Python\Python37\site-packages\django\core\handlers\exception.py", line 34, in inner
    response = get_response(request)
  File "C:\Users\Pisho\AppData\Roaming\Python\Python37\site-packages\django\core\handlers\base.py", line 115, in _get_response
    response = self.process_exception_by_middleware(e, request)
  File "C:\Users\Pisho\AppData\Roaming\Python\Python37\site-packages\django\core\handlers\base.py", line 113, in _get_response
    response = wrapped_callback(request, *callback_args, **callback_kwargs)
  File "C:\Users\Pisho\AppData\Roaming\Python\Python37\site-packages\django\views\decorators\csrf.py", line 54, in wrapped_view
    return view_func(*args, **kwargs)
  File "C:\Users\Pisho\AppData\Roaming\Python\Python37\site-packages\django\views\generic\base.py", line 71, in view
    return self.dispatch(request, *args, **kwargs)
  File "C:\Users\Pisho\AppData\Local\Programs\Python\Python37\lib\site-packages\rest_framework\views.py", line 505, in dispatch
    response = self.handle_exception(exc)
  File "C:\Users\Pisho\AppData\Local\Programs\Python\Python37\lib\site-packages\rest_framework\views.py", line 465, in handle_exception
    self.raise_uncaught_exception(exc)
  File "C:\Users\Pisho\AppData\Local\Programs\Python\Python37\lib\site-packages\rest_framework\views.py", line 476, in raise_uncaught_exception
    raise exc
  File "C:\Users\Pisho\AppData\Local\Programs\Python\Python37\lib\site-packages\rest_framework\views.py", line 502, in dispatch
    response = handler(request, *args, **kwargs)
  File "C:\Users\Pisho\AppData\Local\Programs\Python\Python37\lib\site-packages\rest_framework\decorators.py", line 50, in handler
    return func(*args, **kwargs)
  File "D:\Study\School\e2e\app\djangoapp\backend\views.py", line 87, in filter_messages
    messages_temp_from = messages.objects.get(fromUserid=pk)
  File "C:\Users\Pisho\AppData\Roaming\Python\Python37\site-packages\django\db\models\manager.py", line 82, in manager_method
    return getattr(self.get_queryset(), name)(*args, **kwargs)
  File "C:\Users\Pisho\AppData\Roaming\Python\Python37\site-packages\django\db\models\query.py", line 422, in get
    num if not limit or num < limit else 'more than %s' % (limit - 1),
backend.models.messages.MultipleObjectsReturned: get() returned more than one messages -- it returned 3!
2019-49-30 21:49:32-trigger_reload-INFO-D:\Study\School\e2e\app\djangoapp\backend\views.py changed, reloading.
2019-49-30 21:49:32-__init__-DEBUG-Using selector: SelectSelector
2019-49-30 21:49:47-trigger_reload-INFO-D:\Study\School\e2e\app\djangoapp\backend\views.py changed, reloading.
2019-49-30 21:49:47-__init__-DEBUG-Using selector: SelectSelector
2019-49-30 21:49:57-trigger_reload-INFO-D:\Study\School\e2e\app\djangoapp\backend\views.py changed, reloading.
2019-49-30 21:49:57-__init__-DEBUG-Using selector: SelectSelector
2019-50-30 21:50:01-trigger_reload-INFO-D:\Study\School\e2e\app\djangoapp\backend\views.py changed, reloading.
2019-50-30 21:50:01-__init__-DEBUG-Using selector: SelectSelector
2019-50-30 21:50:03-log_response-ERROR-Internal Server Error: /apis/filter_messages/21342134
Traceback (most recent call last):
  File "C:\Users\Pisho\AppData\Local\Programs\Python\Python37\lib\site-packages\rest_framework\fields.py", line 454, in get_attribute
    return get_attribute(instance, self.source_attrs)
  File "C:\Users\Pisho\AppData\Local\Programs\Python\Python37\lib\site-packages\rest_framework\fields.py", line 94, in get_attribute
    instance = getattr(instance, attr)
AttributeError: 'QuerySet' object has no attribute 'fromUserid'

During handling of the above exception, another exception occurred:

Traceback (most recent call last):
  File "C:\Users\Pisho\AppData\Roaming\Python\Python37\site-packages\django\core\handlers\exception.py", line 34, in inner
    response = get_response(request)
  File "C:\Users\Pisho\AppData\Roaming\Python\Python37\site-packages\django\core\handlers\base.py", line 115, in _get_response
    response = self.process_exception_by_middleware(e, request)
  File "C:\Users\Pisho\AppData\Roaming\Python\Python37\site-packages\django\core\handlers\base.py", line 113, in _get_response
    response = wrapped_callback(request, *callback_args, **callback_kwargs)
  File "C:\Users\Pisho\AppData\Roaming\Python\Python37\site-packages\django\views\decorators\csrf.py", line 54, in wrapped_view
    return view_func(*args, **kwargs)
  File "C:\Users\Pisho\AppData\Roaming\Python\Python37\site-packages\django\views\generic\base.py", line 71, in view
    return self.dispatch(request, *args, **kwargs)
  File "C:\Users\Pisho\AppData\Local\Programs\Python\Python37\lib\site-packages\rest_framework\views.py", line 505, in dispatch
    response = self.handle_exception(exc)
  File "C:\Users\Pisho\AppData\Local\Programs\Python\Python37\lib\site-packages\rest_framework\views.py", line 465, in handle_exception
    self.raise_uncaught_exception(exc)
  File "C:\Users\Pisho\AppData\Local\Programs\Python\Python37\lib\site-packages\rest_framework\views.py", line 476, in raise_uncaught_exception
    raise exc
  File "C:\Users\Pisho\AppData\Local\Programs\Python\Python37\lib\site-packages\rest_framework\views.py", line 502, in dispatch
    response = handler(request, *args, **kwargs)
  File "C:\Users\Pisho\AppData\Local\Programs\Python\Python37\lib\site-packages\rest_framework\decorators.py", line 50, in handler
    return func(*args, **kwargs)
  File "D:\Study\School\e2e\app\djangoapp\backend\views.py", line 96, in filter_messages
    result = {"code": 1, "data": [serializer_from.data, serializer_to.data],
  File "C:\Users\Pisho\AppData\Local\Programs\Python\Python37\lib\site-packages\rest_framework\serializers.py", line 562, in data
    ret = super().data
  File "C:\Users\Pisho\AppData\Local\Programs\Python\Python37\lib\site-packages\rest_framework\serializers.py", line 260, in data
    self._data = self.to_representation(self.instance)
  File "C:\Users\Pisho\AppData\Local\Programs\Python\Python37\lib\site-packages\rest_framework\serializers.py", line 516, in to_representation
    attribute = field.get_attribute(instance)
  File "C:\Users\Pisho\AppData\Local\Programs\Python\Python37\lib\site-packages\rest_framework\fields.py", line 487, in get_attribute
    raise type(exc)(msg)
AttributeError: Got AttributeError when attempting to get a value for field `fromUserid` on serializer `MessagesSerializer`.
The serializer field might be named incorrectly and not match any attribute or key on the `QuerySet` instance.
Original exception text was: 'QuerySet' object has no attribute 'fromUserid'.
2019-50-30 21:50:22-trigger_reload-INFO-D:\Study\School\e2e\app\djangoapp\backend\views.py changed, reloading.
2019-50-30 21:50:22-__init__-DEBUG-Using selector: SelectSelector
2019-51-30 21:51:03-trigger_reload-INFO-D:\Study\School\e2e\app\djangoapp\backend\views.py changed, reloading.
2019-51-30 21:51:03-__init__-DEBUG-Using selector: SelectSelector
2019-51-30 21:51:05-trigger_reload-INFO-D:\Study\School\e2e\app\djangoapp\backend\views.py changed, reloading.
2019-51-30 21:51:05-__init__-DEBUG-Using selector: SelectSelector
2019-51-30 21:51:09-log_response-ERROR-Internal Server Error: /apis/filter_messages/21342134
Traceback (most recent call last):
  File "D:\Study\School\e2e\app\djangoapp\backend\views.py", line 87, in filter_messages
    messages_temp_from = messages.objects.filter(fromUserid__in=pk)
  File "C:\Users\Pisho\AppData\Roaming\Python\Python37\site-packages\django\db\models\manager.py", line 82, in manager_method
    return getattr(self.get_queryset(), name)(*args, **kwargs)
  File "C:\Users\Pisho\AppData\Roaming\Python\Python37\site-packages\django\db\models\query.py", line 904, in filter
    return self._filter_or_exclude(False, *args, **kwargs)
  File "C:\Users\Pisho\AppData\Roaming\Python\Python37\site-packages\django\db\models\query.py", line 923, in _filter_or_exclude
    clone.query.add_q(Q(*args, **kwargs))
  File "C:\Users\Pisho\AppData\Roaming\Python\Python37\site-packages\django\db\models\sql\query.py", line 1337, in add_q
    clause, _ = self._add_q(q_object, self.used_aliases)
  File "C:\Users\Pisho\AppData\Roaming\Python\Python37\site-packages\django\db\models\sql\query.py", line 1365, in _add_q
    split_subq=split_subq, simple_col=simple_col,
  File "C:\Users\Pisho\AppData\Roaming\Python\Python37\site-packages\django\db\models\sql\query.py", line 1298, in build_filter
    condition = self.build_lookup(lookups, col, value)
  File "C:\Users\Pisho\AppData\Roaming\Python\Python37\site-packages\django\db\models\sql\query.py", line 1155, in build_lookup
    lookup = lookup_class(lhs, rhs)
  File "C:\Users\Pisho\AppData\Roaming\Python\Python37\site-packages\django\db\models\lookups.py", line 22, in __init__
    self.rhs = self.get_prep_lookup()
  File "C:\Users\Pisho\AppData\Roaming\Python\Python37\site-packages\django\db\models\lookups.py", line 217, in get_prep_lookup
    for rhs_value in self.rhs:
TypeError: 'int' object is not iterable

During handling of the above exception, another exception occurred:

Traceback (most recent call last):
  File "C:\Users\Pisho\AppData\Roaming\Python\Python37\site-packages\django\core\handlers\exception.py", line 34, in inner
    response = get_response(request)
  File "C:\Users\Pisho\AppData\Roaming\Python\Python37\site-packages\django\core\handlers\base.py", line 115, in _get_response
    response = self.process_exception_by_middleware(e, request)
  File "C:\Users\Pisho\AppData\Roaming\Python\Python37\site-packages\django\core\handlers\base.py", line 113, in _get_response
    response = wrapped_callback(request, *callback_args, **callback_kwargs)
  File "C:\Users\Pisho\AppData\Roaming\Python\Python37\site-packages\django\views\decorators\csrf.py", line 54, in wrapped_view
    return view_func(*args, **kwargs)
  File "C:\Users\Pisho\AppData\Roaming\Python\Python37\site-packages\django\views\generic\base.py", line 71, in view
    return self.dispatch(request, *args, **kwargs)
  File "C:\Users\Pisho\AppData\Local\Programs\Python\Python37\lib\site-packages\rest_framework\views.py", line 505, in dispatch
    response = self.handle_exception(exc)
  File "C:\Users\Pisho\AppData\Local\Programs\Python\Python37\lib\site-packages\rest_framework\views.py", line 465, in handle_exception
    self.raise_uncaught_exception(exc)
  File "C:\Users\Pisho\AppData\Local\Programs\Python\Python37\lib\site-packages\rest_framework\views.py", line 476, in raise_uncaught_exception
    raise exc
  File "C:\Users\Pisho\AppData\Local\Programs\Python\Python37\lib\site-packages\rest_framework\views.py", line 502, in dispatch
    response = handler(request, *args, **kwargs)
  File "C:\Users\Pisho\AppData\Local\Programs\Python\Python37\lib\site-packages\rest_framework\decorators.py", line 50, in handler
    return func(*args, **kwargs)
  File "D:\Study\School\e2e\app\djangoapp\backend\views.py", line 89, in filter_messages
    except messages_temp_from.DoesNotExist and messages_temp_to.DoesNotExist:
UnboundLocalError: local variable 'messages_temp_from' referenced before assignment
2019-51-30 21:51:56-trigger_reload-INFO-D:\Study\School\e2e\app\djangoapp\backend\views.py changed, reloading.
2019-51-30 21:51:56-__init__-DEBUG-Using selector: SelectSelector
2019-51-30 21:51:58-trigger_reload-INFO-D:\Study\School\e2e\app\djangoapp\backend\views.py changed, reloading.
2019-51-30 21:51:58-__init__-DEBUG-Using selector: SelectSelector
2019-52-30 21:52:07-trigger_reload-INFO-D:\Study\School\e2e\app\djangoapp\backend\views.py changed, reloading.
2019-52-30 21:52:07-__init__-DEBUG-Using selector: SelectSelector
2019-52-30 21:52:09-trigger_reload-INFO-D:\Study\School\e2e\app\djangoapp\backend\views.py changed, reloading.
2019-52-30 21:52:09-__init__-DEBUG-Using selector: SelectSelector
2019-52-30 21:52:11-log_response-ERROR-Internal Server Error: /apis/filter_messages/21342134
Traceback (most recent call last):
  File "D:\Study\School\e2e\app\djangoapp\backend\views.py", line 87, in filter_messages
    messages_temp_from = messages.objects.filter(fromUserid__in=pk)
  File "C:\Users\Pisho\AppData\Roaming\Python\Python37\site-packages\django\db\models\manager.py", line 82, in manager_method
    return getattr(self.get_queryset(), name)(*args, **kwargs)
  File "C:\Users\Pisho\AppData\Roaming\Python\Python37\site-packages\django\db\models\query.py", line 904, in filter
    return self._filter_or_exclude(False, *args, **kwargs)
  File "C:\Users\Pisho\AppData\Roaming\Python\Python37\site-packages\django\db\models\query.py", line 923, in _filter_or_exclude
    clone.query.add_q(Q(*args, **kwargs))
  File "C:\Users\Pisho\AppData\Roaming\Python\Python37\site-packages\django\db\models\sql\query.py", line 1337, in add_q
    clause, _ = self._add_q(q_object, self.used_aliases)
  File "C:\Users\Pisho\AppData\Roaming\Python\Python37\site-packages\django\db\models\sql\query.py", line 1365, in _add_q
    split_subq=split_subq, simple_col=simple_col,
  File "C:\Users\Pisho\AppData\Roaming\Python\Python37\site-packages\django\db\models\sql\query.py", line 1298, in build_filter
    condition = self.build_lookup(lookups, col, value)
  File "C:\Users\Pisho\AppData\Roaming\Python\Python37\site-packages\django\db\models\sql\query.py", line 1155, in build_lookup
    lookup = lookup_class(lhs, rhs)
  File "C:\Users\Pisho\AppData\Roaming\Python\Python37\site-packages\django\db\models\lookups.py", line 22, in __init__
    self.rhs = self.get_prep_lookup()
  File "C:\Users\Pisho\AppData\Roaming\Python\Python37\site-packages\django\db\models\lookups.py", line 217, in get_prep_lookup
    for rhs_value in self.rhs:
TypeError: 'int' object is not iterable

During handling of the above exception, another exception occurred:

Traceback (most recent call last):
  File "C:\Users\Pisho\AppData\Roaming\Python\Python37\site-packages\django\core\handlers\exception.py", line 34, in inner
    response = get_response(request)
  File "C:\Users\Pisho\AppData\Roaming\Python\Python37\site-packages\django\core\handlers\base.py", line 115, in _get_response
    response = self.process_exception_by_middleware(e, request)
  File "C:\Users\Pisho\AppData\Roaming\Python\Python37\site-packages\django\core\handlers\base.py", line 113, in _get_response
    response = wrapped_callback(request, *callback_args, **callback_kwargs)
  File "C:\Users\Pisho\AppData\Roaming\Python\Python37\site-packages\django\views\decorators\csrf.py", line 54, in wrapped_view
    return view_func(*args, **kwargs)
  File "C:\Users\Pisho\AppData\Roaming\Python\Python37\site-packages\django\views\generic\base.py", line 71, in view
    return self.dispatch(request, *args, **kwargs)
  File "C:\Users\Pisho\AppData\Local\Programs\Python\Python37\lib\site-packages\rest_framework\views.py", line 505, in dispatch
    response = self.handle_exception(exc)
  File "C:\Users\Pisho\AppData\Local\Programs\Python\Python37\lib\site-packages\rest_framework\views.py", line 465, in handle_exception
    self.raise_uncaught_exception(exc)
  File "C:\Users\Pisho\AppData\Local\Programs\Python\Python37\lib\site-packages\rest_framework\views.py", line 476, in raise_uncaught_exception
    raise exc
  File "C:\Users\Pisho\AppData\Local\Programs\Python\Python37\lib\site-packages\rest_framework\views.py", line 502, in dispatch
    response = handler(request, *args, **kwargs)
  File "C:\Users\Pisho\AppData\Local\Programs\Python\Python37\lib\site-packages\rest_framework\decorators.py", line 50, in handler
    return func(*args, **kwargs)
  File "D:\Study\School\e2e\app\djangoapp\backend\views.py", line 91, in filter_messages
    except messages_temp_from and messages_temp_to:
UnboundLocalError: local variable 'messages_temp_from' referenced before assignment
2019-53-30 21:53:30-trigger_reload-INFO-D:\Study\School\e2e\app\djangoapp\backend\views.py changed, reloading.
2019-53-30 21:53:30-__init__-DEBUG-Using selector: SelectSelector
2019-53-30 21:53:41-trigger_reload-INFO-D:\Study\School\e2e\app\djangoapp\backend\views.py changed, reloading.
2019-53-30 21:53:41-__init__-DEBUG-Using selector: SelectSelector
2019-53-30 21:53:44-trigger_reload-INFO-D:\Study\School\e2e\app\djangoapp\backend\views.py changed, reloading.
2019-53-30 21:53:44-__init__-DEBUG-Using selector: SelectSelector
2019-53-30 21:53:46-trigger_reload-INFO-D:\Study\School\e2e\app\djangoapp\backend\views.py changed, reloading.
2019-53-30 21:53:46-__init__-DEBUG-Using selector: SelectSelector
2019-53-30 21:53:52-trigger_reload-INFO-D:\Study\School\e2e\app\djangoapp\backend\views.py changed, reloading.
2019-53-30 21:53:52-__init__-DEBUG-Using selector: SelectSelector
2019-54-30 21:54:03-trigger_reload-INFO-D:\Study\School\e2e\app\djangoapp\backend\views.py changed, reloading.
2019-54-30 21:54:03-__init__-DEBUG-Using selector: SelectSelector
2019-54-30 21:54:07-trigger_reload-INFO-D:\Study\School\e2e\app\djangoapp\backend\views.py changed, reloading.
2019-54-30 21:54:07-__init__-DEBUG-Using selector: SelectSelector
2019-54-30 21:54:26-trigger_reload-INFO-D:\Study\School\e2e\app\djangoapp\backend\views.py changed, reloading.
2019-54-30 21:54:26-__init__-DEBUG-Using selector: SelectSelector
2019-54-30 21:54:37-trigger_reload-INFO-D:\Study\School\e2e\app\djangoapp\backend\views.py changed, reloading.
2019-54-30 21:54:37-__init__-DEBUG-Using selector: SelectSelector
2019-54-30 21:54:45-trigger_reload-INFO-D:\Study\School\e2e\app\djangoapp\backend\views.py changed, reloading.
2019-54-30 21:54:45-__init__-DEBUG-Using selector: SelectSelector
2019-54-30 21:54:48-trigger_reload-INFO-D:\Study\School\e2e\app\djangoapp\backend\views.py changed, reloading.
2019-54-30 21:54:48-__init__-DEBUG-Using selector: SelectSelector
2019-54-30 21:54:53-trigger_reload-INFO-D:\Study\School\e2e\app\djangoapp\backend\views.py changed, reloading.
2019-54-30 21:54:53-__init__-DEBUG-Using selector: SelectSelector
2019-55-30 21:55:05-trigger_reload-INFO-D:\Study\School\e2e\app\djangoapp\backend\views.py changed, reloading.
2019-55-30 21:55:05-__init__-DEBUG-Using selector: SelectSelector
2019-55-30 21:55:10-trigger_reload-INFO-D:\Study\School\e2e\app\djangoapp\backend\views.py changed, reloading.
2019-55-30 21:55:10-__init__-DEBUG-Using selector: SelectSelector
2019-55-30 21:55:18-trigger_reload-INFO-D:\Study\School\e2e\app\djangoapp\backend\views.py changed, reloading.
2019-55-30 21:55:18-__init__-DEBUG-Using selector: SelectSelector
2019-55-30 21:55:24-log_response-ERROR-Internal Server Error: /apis/filter_messages/21342134
Traceback (most recent call last):
  File "D:\Study\School\e2e\app\djangoapp\backend\views.py", line 79, in filter_messages
    "SELECT * FROM backend_messages WHERE fromUserid={0} OR toUserid={0} ORDER BY date".format(pk))
sqlite3.ProgrammingError: SQLite objects created in a thread can only be used in that same thread. The object was created in thread id 1028 and this is thread id 7876.

During handling of the above exception, another exception occurred:

Traceback (most recent call last):
  File "C:\Users\Pisho\AppData\Roaming\Python\Python37\site-packages\django\core\handlers\exception.py", line 34, in inner
    response = get_response(request)
  File "C:\Users\Pisho\AppData\Roaming\Python\Python37\site-packages\django\core\handlers\base.py", line 115, in _get_response
    response = self.process_exception_by_middleware(e, request)
  File "C:\Users\Pisho\AppData\Roaming\Python\Python37\site-packages\django\core\handlers\base.py", line 113, in _get_response
    response = wrapped_callback(request, *callback_args, **callback_kwargs)
  File "C:\Users\Pisho\AppData\Roaming\Python\Python37\site-packages\django\views\decorators\csrf.py", line 54, in wrapped_view
    return view_func(*args, **kwargs)
  File "C:\Users\Pisho\AppData\Roaming\Python\Python37\site-packages\django\views\generic\base.py", line 71, in view
    return self.dispatch(request, *args, **kwargs)
  File "C:\Users\Pisho\AppData\Local\Programs\Python\Python37\lib\site-packages\rest_framework\views.py", line 505, in dispatch
    response = self.handle_exception(exc)
  File "C:\Users\Pisho\AppData\Local\Programs\Python\Python37\lib\site-packages\rest_framework\views.py", line 465, in handle_exception
    self.raise_uncaught_exception(exc)
  File "C:\Users\Pisho\AppData\Local\Programs\Python\Python37\lib\site-packages\rest_framework\views.py", line 476, in raise_uncaught_exception
    raise exc
  File "C:\Users\Pisho\AppData\Local\Programs\Python\Python37\lib\site-packages\rest_framework\views.py", line 502, in dispatch
    response = handler(request, *args, **kwargs)
  File "C:\Users\Pisho\AppData\Local\Programs\Python\Python37\lib\site-packages\rest_framework\decorators.py", line 50, in handler
    return func(*args, **kwargs)
  File "D:\Study\School\e2e\app\djangoapp\backend\views.py", line 81, in filter_messages
    except messages_temp:
UnboundLocalError: local variable 'messages_temp' referenced before assignment
2019-56-30 21:56:10-trigger_reload-INFO-D:\Study\School\e2e\app\djangoapp\backend\views.py changed, reloading.
2019-56-30 21:56:10-__init__-DEBUG-Using selector: SelectSelector
2019-56-30 21:56:20-trigger_reload-INFO-D:\Study\School\e2e\app\djangoapp\backend\views.py changed, reloading.
2019-56-30 21:56:20-__init__-DEBUG-Using selector: SelectSelector
2019-56-30 21:56:22-trigger_reload-INFO-D:\Study\School\e2e\app\djangoapp\backend\views.py changed, reloading.
2019-56-30 21:56:22-__init__-DEBUG-Using selector: SelectSelector
2019-56-30 21:56:25-trigger_reload-INFO-D:\Study\School\e2e\app\djangoapp\backend\views.py changed, reloading.
2019-56-30 21:56:25-__init__-DEBUG-Using selector: SelectSelector
2019-56-30 21:56:39-trigger_reload-INFO-D:\Study\School\e2e\app\djangoapp\backend\views.py changed, reloading.
2019-56-30 21:56:39-__init__-DEBUG-Using selector: SelectSelector
2019-56-30 21:56:42-log_response-ERROR-Internal Server Error: /apis/filter_messages/21342134
Traceback (most recent call last):
  File "D:\Study\School\e2e\app\djangoapp\backend\views.py", line 81, in filter_messages
    "SELECT * FROM backend_messages WHERE fromUserid={0} OR toUserid={0} ORDER BY date".format(pk))
sqlite3.ProgrammingError: SQLite objects created in a thread can only be used in that same thread. The object was created in thread id 15916 and this is thread id 3684.

During handling of the above exception, another exception occurred:

Traceback (most recent call last):
  File "C:\Users\Pisho\AppData\Roaming\Python\Python37\site-packages\django\core\handlers\exception.py", line 34, in inner
    response = get_response(request)
  File "C:\Users\Pisho\AppData\Roaming\Python\Python37\site-packages\django\core\handlers\base.py", line 115, in _get_response
    response = self.process_exception_by_middleware(e, request)
  File "C:\Users\Pisho\AppData\Roaming\Python\Python37\site-packages\django\core\handlers\base.py", line 113, in _get_response
    response = wrapped_callback(request, *callback_args, **callback_kwargs)
  File "C:\Users\Pisho\AppData\Roaming\Python\Python37\site-packages\django\views\decorators\csrf.py", line 54, in wrapped_view
    return view_func(*args, **kwargs)
  File "C:\Users\Pisho\AppData\Roaming\Python\Python37\site-packages\django\views\generic\base.py", line 71, in view
    return self.dispatch(request, *args, **kwargs)
  File "C:\Users\Pisho\AppData\Local\Programs\Python\Python37\lib\site-packages\rest_framework\views.py", line 505, in dispatch
    response = self.handle_exception(exc)
  File "C:\Users\Pisho\AppData\Local\Programs\Python\Python37\lib\site-packages\rest_framework\views.py", line 465, in handle_exception
    self.raise_uncaught_exception(exc)
  File "C:\Users\Pisho\AppData\Local\Programs\Python\Python37\lib\site-packages\rest_framework\views.py", line 476, in raise_uncaught_exception
    raise exc
  File "C:\Users\Pisho\AppData\Local\Programs\Python\Python37\lib\site-packages\rest_framework\views.py", line 502, in dispatch
    response = handler(request, *args, **kwargs)
  File "C:\Users\Pisho\AppData\Local\Programs\Python\Python37\lib\site-packages\rest_framework\decorators.py", line 50, in handler
    return func(*args, **kwargs)
  File "D:\Study\School\e2e\app\djangoapp\backend\views.py", line 83, in filter_messages
    except messages_temp:
UnboundLocalError: local variable 'messages_temp' referenced before assignment
2019-58-30 21:58:28-trigger_reload-INFO-D:\Study\School\e2e\app\djangoapp\backend\views.py changed, reloading.
2019-58-30 21:58:28-__init__-DEBUG-Using selector: SelectSelector
2019-58-30 21:58:42-log_response-ERROR-Internal Server Error: /apis/filter_messages/21342134
Traceback (most recent call last):
  File "D:\Study\School\e2e\app\djangoapp\backend\views.py", line 81, in filter_messages
    "SELECT * FROM backend_messages WHERE fromUserid={0} OR toUserid={0} ORDER BY date".format(pk))
sqlite3.ProgrammingError: SQLite objects created in a thread can only be used in that same thread. The object was created in thread id 8256 and this is thread id 16156.

During handling of the above exception, another exception occurred:

Traceback (most recent call last):
  File "C:\Users\Pisho\AppData\Roaming\Python\Python37\site-packages\django\core\handlers\exception.py", line 34, in inner
    response = get_response(request)
  File "C:\Users\Pisho\AppData\Roaming\Python\Python37\site-packages\django\core\handlers\base.py", line 115, in _get_response
    response = self.process_exception_by_middleware(e, request)
  File "C:\Users\Pisho\AppData\Roaming\Python\Python37\site-packages\django\core\handlers\base.py", line 113, in _get_response
    response = wrapped_callback(request, *callback_args, **callback_kwargs)
  File "C:\Users\Pisho\AppData\Roaming\Python\Python37\site-packages\django\views\decorators\csrf.py", line 54, in wrapped_view
    return view_func(*args, **kwargs)
  File "C:\Users\Pisho\AppData\Roaming\Python\Python37\site-packages\django\views\generic\base.py", line 71, in view
    return self.dispatch(request, *args, **kwargs)
  File "C:\Users\Pisho\AppData\Local\Programs\Python\Python37\lib\site-packages\rest_framework\views.py", line 505, in dispatch
    response = self.handle_exception(exc)
  File "C:\Users\Pisho\AppData\Local\Programs\Python\Python37\lib\site-packages\rest_framework\views.py", line 465, in handle_exception
    self.raise_uncaught_exception(exc)
  File "C:\Users\Pisho\AppData\Local\Programs\Python\Python37\lib\site-packages\rest_framework\views.py", line 476, in raise_uncaught_exception
    raise exc
  File "C:\Users\Pisho\AppData\Local\Programs\Python\Python37\lib\site-packages\rest_framework\views.py", line 502, in dispatch
    response = handler(request, *args, **kwargs)
  File "C:\Users\Pisho\AppData\Local\Programs\Python\Python37\lib\site-packages\rest_framework\decorators.py", line 50, in handler
    return func(*args, **kwargs)
  File "D:\Study\School\e2e\app\djangoapp\backend\views.py", line 83, in filter_messages
    except messages_temp:
UnboundLocalError: local variable 'messages_temp' referenced before assignment
2019-59-30 21:59:07-trigger_reload-INFO-D:\Study\School\e2e\app\djangoapp\backend\views.py changed, reloading.
2019-59-30 21:59:07-__init__-DEBUG-Using selector: SelectSelector
2019-59-30 21:59:10-trigger_reload-INFO-D:\Study\School\e2e\app\djangoapp\backend\views.py changed, reloading.
2019-59-30 21:59:10-__init__-DEBUG-Using selector: SelectSelector
2019-59-30 21:59:23-trigger_reload-INFO-D:\Study\School\e2e\app\djangoapp\backend\views.py changed, reloading.
2019-59-30 21:59:23-__init__-DEBUG-Using selector: SelectSelector
2019-59-30 21:59:37-trigger_reload-INFO-D:\Study\School\e2e\app\djangoapp\backend\views.py changed, reloading.
2019-59-30 21:59:37-__init__-DEBUG-Using selector: SelectSelector
2019-59-30 21:59:40-trigger_reload-INFO-D:\Study\School\e2e\app\djangoapp\backend\views.py changed, reloading.
2019-59-30 21:59:40-__init__-DEBUG-Using selector: SelectSelector
2019-59-30 21:59:42-log_response-ERROR-Internal Server Error: /apis/filter_messages/21342134
Traceback (most recent call last):
  File "C:\Users\Pisho\AppData\Roaming\Python\Python37\site-packages\django\core\handlers\exception.py", line 34, in inner
    response = get_response(request)
  File "C:\Users\Pisho\AppData\Roaming\Python\Python37\site-packages\django\core\handlers\base.py", line 115, in _get_response
    response = self.process_exception_by_middleware(e, request)
  File "C:\Users\Pisho\AppData\Roaming\Python\Python37\site-packages\django\core\handlers\base.py", line 113, in _get_response
    response = wrapped_callback(request, *callback_args, **callback_kwargs)
  File "C:\Users\Pisho\AppData\Roaming\Python\Python37\site-packages\django\views\decorators\csrf.py", line 54, in wrapped_view
    return view_func(*args, **kwargs)
  File "C:\Users\Pisho\AppData\Roaming\Python\Python37\site-packages\django\views\generic\base.py", line 71, in view
    return self.dispatch(request, *args, **kwargs)
  File "C:\Users\Pisho\AppData\Local\Programs\Python\Python37\lib\site-packages\rest_framework\views.py", line 505, in dispatch
    response = self.handle_exception(exc)
  File "C:\Users\Pisho\AppData\Local\Programs\Python\Python37\lib\site-packages\rest_framework\views.py", line 465, in handle_exception
    self.raise_uncaught_exception(exc)
  File "C:\Users\Pisho\AppData\Local\Programs\Python\Python37\lib\site-packages\rest_framework\views.py", line 476, in raise_uncaught_exception
    raise exc
  File "C:\Users\Pisho\AppData\Local\Programs\Python\Python37\lib\site-packages\rest_framework\views.py", line 502, in dispatch
    response = handler(request, *args, **kwargs)
  File "C:\Users\Pisho\AppData\Local\Programs\Python\Python37\lib\site-packages\rest_framework\decorators.py", line 50, in handler
    return func(*args, **kwargs)
  File "D:\Study\School\e2e\app\djangoapp\backend\views.py", line 85, in filter_messages
    serializer_from = MessagesSerializer(messages_temp_from)
NameError: name 'messages_temp_from' is not defined
2019-00-30 22:00:07-log_response-ERROR-Internal Server Error: /apis/filter_messages/21342134
Traceback (most recent call last):
  File "C:\Users\Pisho\AppData\Roaming\Python\Python37\site-packages\django\core\handlers\exception.py", line 34, in inner
    response = get_response(request)
  File "C:\Users\Pisho\AppData\Roaming\Python\Python37\site-packages\django\core\handlers\base.py", line 115, in _get_response
    response = self.process_exception_by_middleware(e, request)
  File "C:\Users\Pisho\AppData\Roaming\Python\Python37\site-packages\django\core\handlers\base.py", line 113, in _get_response
    response = wrapped_callback(request, *callback_args, **callback_kwargs)
  File "C:\Users\Pisho\AppData\Roaming\Python\Python37\site-packages\django\views\decorators\csrf.py", line 54, in wrapped_view
    return view_func(*args, **kwargs)
  File "C:\Users\Pisho\AppData\Roaming\Python\Python37\site-packages\django\views\generic\base.py", line 71, in view
    return self.dispatch(request, *args, **kwargs)
  File "C:\Users\Pisho\AppData\Local\Programs\Python\Python37\lib\site-packages\rest_framework\views.py", line 505, in dispatch
    response = self.handle_exception(exc)
  File "C:\Users\Pisho\AppData\Local\Programs\Python\Python37\lib\site-packages\rest_framework\views.py", line 465, in handle_exception
    self.raise_uncaught_exception(exc)
  File "C:\Users\Pisho\AppData\Local\Programs\Python\Python37\lib\site-packages\rest_framework\views.py", line 476, in raise_uncaught_exception
    raise exc
  File "C:\Users\Pisho\AppData\Local\Programs\Python\Python37\lib\site-packages\rest_framework\views.py", line 502, in dispatch
    response = handler(request, *args, **kwargs)
  File "C:\Users\Pisho\AppData\Local\Programs\Python\Python37\lib\site-packages\rest_framework\decorators.py", line 50, in handler
    return func(*args, **kwargs)
  File "D:\Study\School\e2e\app\djangoapp\backend\views.py", line 85, in filter_messages
    serializer_from = MessagesSerializer(messages_temp_from)
NameError: name 'messages_temp_from' is not defined
2019-00-30 22:00:46-trigger_reload-INFO-D:\Study\School\e2e\app\djangoapp\backend\views.py changed, reloading.
2019-00-30 22:00:46-__init__-DEBUG-Using selector: SelectSelector
2019-00-30 22:00:47-log_response-ERROR-Internal Server Error: /apis/filter_messages/21342134
Traceback (most recent call last):
  File "C:\Users\Pisho\AppData\Roaming\Python\Python37\site-packages\django\core\handlers\exception.py", line 34, in inner
    response = get_response(request)
  File "C:\Users\Pisho\AppData\Roaming\Python\Python37\site-packages\django\core\handlers\base.py", line 115, in _get_response
    response = self.process_exception_by_middleware(e, request)
  File "C:\Users\Pisho\AppData\Roaming\Python\Python37\site-packages\django\core\handlers\base.py", line 113, in _get_response
    response = wrapped_callback(request, *callback_args, **callback_kwargs)
  File "C:\Users\Pisho\AppData\Roaming\Python\Python37\site-packages\django\views\decorators\csrf.py", line 54, in wrapped_view
    return view_func(*args, **kwargs)
  File "C:\Users\Pisho\AppData\Roaming\Python\Python37\site-packages\django\views\decorators\csrf.py", line 54, in wrapped_view
    return view_func(*args, **kwargs)
  File "C:\Users\Pisho\AppData\Roaming\Python\Python37\site-packages\django\views\generic\base.py", line 71, in view
    return self.dispatch(request, *args, **kwargs)
  File "C:\Users\Pisho\AppData\Local\Programs\Python\Python37\lib\site-packages\rest_framework\views.py", line 505, in dispatch
    response = self.handle_exception(exc)
  File "C:\Users\Pisho\AppData\Local\Programs\Python\Python37\lib\site-packages\rest_framework\views.py", line 465, in handle_exception
    self.raise_uncaught_exception(exc)
  File "C:\Users\Pisho\AppData\Local\Programs\Python\Python37\lib\site-packages\rest_framework\views.py", line 476, in raise_uncaught_exception
    raise exc
  File "C:\Users\Pisho\AppData\Local\Programs\Python\Python37\lib\site-packages\rest_framework\views.py", line 502, in dispatch
    response = handler(request, *args, **kwargs)
  File "C:\Users\Pisho\AppData\Local\Programs\Python\Python37\lib\site-packages\rest_framework\decorators.py", line 50, in handler
    return func(*args, **kwargs)
  File "D:\Study\School\e2e\app\djangoapp\backend\views.py", line 86, in filter_messages
    serializer_from = MessagesSerializer(messages_temp_from)
NameError: name 'messages_temp_from' is not defined
2019-00-30 22:00:58-trigger_reload-INFO-D:\Study\School\e2e\app\djangoapp\backend\views.py changed, reloading.
2019-00-30 22:00:58-__init__-DEBUG-Using selector: SelectSelector
2019-01-30 22:01:03-trigger_reload-INFO-D:\Study\School\e2e\app\djangoapp\backend\views.py changed, reloading.
2019-01-30 22:01:03-__init__-DEBUG-Using selector: SelectSelector
2019-01-30 22:01:08-trigger_reload-INFO-D:\Study\School\e2e\app\djangoapp\backend\views.py changed, reloading.
2019-01-30 22:01:08-__init__-DEBUG-Using selector: SelectSelector
2019-01-30 22:01:10-trigger_reload-INFO-D:\Study\School\e2e\app\djangoapp\backend\views.py changed, reloading.
2019-01-30 22:01:10-__init__-DEBUG-Using selector: SelectSelector
2019-01-30 22:01:15-trigger_reload-INFO-D:\Study\School\e2e\app\djangoapp\backend\views.py changed, reloading.
2019-01-30 22:01:15-__init__-DEBUG-Using selector: SelectSelector
2019-01-30 22:01:17-log_response-WARNING-Method Not Allowed: /apis/filter_messages/21342134
2019-01-30 22:01:19-log_response-WARNING-Method Not Allowed: /apis/filter_messages/21342134
2019-01-30 22:01:25-log_response-ERROR-Internal Server Error: /apis/filter_messages/21342134
Traceback (most recent call last):
  File "C:\Users\Pisho\AppData\Local\Programs\Python\Python37\lib\site-packages\rest_framework\fields.py", line 454, in get_attribute
    return get_attribute(instance, self.source_attrs)
  File "C:\Users\Pisho\AppData\Local\Programs\Python\Python37\lib\site-packages\rest_framework\fields.py", line 94, in get_attribute
    instance = getattr(instance, attr)
AttributeError: 'RawQuerySet' object has no attribute 'fromUserid'

During handling of the above exception, another exception occurred:

Traceback (most recent call last):
  File "C:\Users\Pisho\AppData\Roaming\Python\Python37\site-packages\django\core\handlers\exception.py", line 34, in inner
    response = get_response(request)
  File "C:\Users\Pisho\AppData\Roaming\Python\Python37\site-packages\django\core\handlers\base.py", line 115, in _get_response
    response = self.process_exception_by_middleware(e, request)
  File "C:\Users\Pisho\AppData\Roaming\Python\Python37\site-packages\django\core\handlers\base.py", line 113, in _get_response
    response = wrapped_callback(request, *callback_args, **callback_kwargs)
  File "C:\Users\Pisho\AppData\Roaming\Python\Python37\site-packages\django\views\decorators\csrf.py", line 54, in wrapped_view
    return view_func(*args, **kwargs)
  File "C:\Users\Pisho\AppData\Roaming\Python\Python37\site-packages\django\views\decorators\csrf.py", line 54, in wrapped_view
    return view_func(*args, **kwargs)
  File "C:\Users\Pisho\AppData\Roaming\Python\Python37\site-packages\django\views\generic\base.py", line 71, in view
    return self.dispatch(request, *args, **kwargs)
  File "C:\Users\Pisho\AppData\Local\Programs\Python\Python37\lib\site-packages\rest_framework\views.py", line 505, in dispatch
    response = self.handle_exception(exc)
  File "C:\Users\Pisho\AppData\Local\Programs\Python\Python37\lib\site-packages\rest_framework\views.py", line 465, in handle_exception
    self.raise_uncaught_exception(exc)
  File "C:\Users\Pisho\AppData\Local\Programs\Python\Python37\lib\site-packages\rest_framework\views.py", line 476, in raise_uncaught_exception
    raise exc
  File "C:\Users\Pisho\AppData\Local\Programs\Python\Python37\lib\site-packages\rest_framework\views.py", line 502, in dispatch
    response = handler(request, *args, **kwargs)
  File "C:\Users\Pisho\AppData\Local\Programs\Python\Python37\lib\site-packages\rest_framework\decorators.py", line 50, in handler
    return func(*args, **kwargs)
  File "D:\Study\School\e2e\app\djangoapp\backend\views.py", line 87, in filter_messages
    result = {"code": 1, "data": serializer.data,
  File "C:\Users\Pisho\AppData\Local\Programs\Python\Python37\lib\site-packages\rest_framework\serializers.py", line 562, in data
    ret = super().data
  File "C:\Users\Pisho\AppData\Local\Programs\Python\Python37\lib\site-packages\rest_framework\serializers.py", line 260, in data
    self._data = self.to_representation(self.instance)
  File "C:\Users\Pisho\AppData\Local\Programs\Python\Python37\lib\site-packages\rest_framework\serializers.py", line 516, in to_representation
    attribute = field.get_attribute(instance)
  File "C:\Users\Pisho\AppData\Local\Programs\Python\Python37\lib\site-packages\rest_framework\fields.py", line 487, in get_attribute
    raise type(exc)(msg)
AttributeError: Got AttributeError when attempting to get a value for field `fromUserid` on serializer `MessagesSerializer`.
The serializer field might be named incorrectly and not match any attribute or key on the `RawQuerySet` instance.
Original exception text was: 'RawQuerySet' object has no attribute 'fromUserid'.
2019-01-30 22:01:37-trigger_reload-INFO-D:\Study\School\e2e\app\djangoapp\backend\views.py changed, reloading.
2019-01-30 22:01:37-__init__-DEBUG-Using selector: SelectSelector
2019-01-30 22:01:41-trigger_reload-INFO-D:\Study\School\e2e\app\djangoapp\backend\views.py changed, reloading.
2019-01-30 22:01:41-__init__-DEBUG-Using selector: SelectSelector
2019-01-30 22:01:49-trigger_reload-INFO-D:\Study\School\e2e\app\djangoapp\backend\views.py changed, reloading.
2019-01-30 22:01:49-__init__-DEBUG-Using selector: SelectSelector
2019-01-30 22:01:52-trigger_reload-INFO-D:\Study\School\e2e\app\djangoapp\backend\views.py changed, reloading.
2019-01-30 22:01:52-__init__-DEBUG-Using selector: SelectSelector
2019-01-30 22:01:54-trigger_reload-INFO-D:\Study\School\e2e\app\djangoapp\backend\views.py changed, reloading.
2019-01-30 22:01:54-__init__-DEBUG-Using selector: SelectSelector
2019-01-30 22:01:59-trigger_reload-INFO-D:\Study\School\e2e\app\djangoapp\backend\views.py changed, reloading.
2019-01-30 22:01:59-__init__-DEBUG-Using selector: SelectSelector
2019-02-30 22:02:02-trigger_reload-INFO-D:\Study\School\e2e\app\djangoapp\backend\views.py changed, reloading.
2019-02-30 22:02:02-__init__-DEBUG-Using selector: SelectSelector
2019-02-30 22:02:11-trigger_reload-INFO-D:\Study\School\e2e\app\djangoapp\backend\views.py changed, reloading.
2019-02-30 22:02:11-__init__-DEBUG-Using selector: SelectSelector
2019-02-30 22:02:14-trigger_reload-INFO-D:\Study\School\e2e\app\djangoapp\backend\views.py changed, reloading.
2019-02-30 22:02:14-__init__-DEBUG-Using selector: SelectSelector
2019-02-30 22:02:20-trigger_reload-INFO-D:\Study\School\e2e\app\djangoapp\backend\views.py changed, reloading.
2019-02-30 22:02:20-__init__-DEBUG-Using selector: SelectSelector
2019-02-30 22:02:23-trigger_reload-INFO-D:\Study\School\e2e\app\djangoapp\backend\views.py changed, reloading.
2019-02-30 22:02:23-__init__-DEBUG-Using selector: SelectSelector
2019-02-30 22:02:27-trigger_reload-INFO-D:\Study\School\e2e\app\djangoapp\backend\views.py changed, reloading.
2019-02-30 22:02:27-__init__-DEBUG-Using selector: SelectSelector
2019-02-30 22:02:31-trigger_reload-INFO-D:\Study\School\e2e\app\djangoapp\backend\views.py changed, reloading.
2019-02-30 22:02:31-__init__-DEBUG-Using selector: SelectSelector
2019-02-30 22:02:38-trigger_reload-INFO-D:\Study\School\e2e\app\djangoapp\backend\views.py changed, reloading.
2019-02-30 22:02:38-__init__-DEBUG-Using selector: SelectSelector
2019-02-30 22:02:43-trigger_reload-INFO-D:\Study\School\e2e\app\djangoapp\backend\views.py changed, reloading.
2019-02-30 22:02:43-__init__-DEBUG-Using selector: SelectSelector
2019-02-30 22:02:45-log_response-ERROR-Internal Server Error: /apis/filter_messages/21342134
Traceback (most recent call last):
  File "C:\Users\Pisho\AppData\Roaming\Python\Python37\site-packages\django\core\handlers\exception.py", line 34, in inner
    response = get_response(request)
  File "C:\Users\Pisho\AppData\Roaming\Python\Python37\site-packages\django\core\handlers\base.py", line 115, in _get_response
    response = self.process_exception_by_middleware(e, request)
  File "C:\Users\Pisho\AppData\Roaming\Python\Python37\site-packages\django\core\handlers\base.py", line 113, in _get_response
    response = wrapped_callback(request, *callback_args, **callback_kwargs)
  File "C:\Users\Pisho\AppData\Roaming\Python\Python37\site-packages\django\views\decorators\csrf.py", line 54, in wrapped_view
    return view_func(*args, **kwargs)
  File "C:\Users\Pisho\AppData\Roaming\Python\Python37\site-packages\django\views\decorators\csrf.py", line 54, in wrapped_view
    return view_func(*args, **kwargs)
  File "C:\Users\Pisho\AppData\Roaming\Python\Python37\site-packages\django\views\generic\base.py", line 71, in view
    return self.dispatch(request, *args, **kwargs)
  File "C:\Users\Pisho\AppData\Local\Programs\Python\Python37\lib\site-packages\rest_framework\views.py", line 505, in dispatch
    response = self.handle_exception(exc)
  File "C:\Users\Pisho\AppData\Local\Programs\Python\Python37\lib\site-packages\rest_framework\views.py", line 465, in handle_exception
    self.raise_uncaught_exception(exc)
  File "C:\Users\Pisho\AppData\Local\Programs\Python\Python37\lib\site-packages\rest_framework\views.py", line 476, in raise_uncaught_exception
    raise exc
  File "C:\Users\Pisho\AppData\Local\Programs\Python\Python37\lib\site-packages\rest_framework\views.py", line 502, in dispatch
    response = handler(request, *args, **kwargs)
  File "C:\Users\Pisho\AppData\Local\Programs\Python\Python37\lib\site-packages\rest_framework\decorators.py", line 50, in handler
    return func(*args, **kwargs)
  File "D:\Study\School\e2e\app\djangoapp\backend\views.py", line 78, in filter_messages
    messages_temp_from = messages.objects.get(fromUserid=pk)
  File "C:\Users\Pisho\AppData\Roaming\Python\Python37\site-packages\django\db\models\manager.py", line 82, in manager_method
    return getattr(self.get_queryset(), name)(*args, **kwargs)
  File "C:\Users\Pisho\AppData\Roaming\Python\Python37\site-packages\django\db\models\query.py", line 422, in get
    num if not limit or num < limit else 'more than %s' % (limit - 1),
backend.models.messages.MultipleObjectsReturned: get() returned more than one messages -- it returned 3!
2019-02-30 22:02:54-trigger_reload-INFO-D:\Study\School\e2e\app\djangoapp\backend\views.py changed, reloading.
2019-02-30 22:02:54-__init__-DEBUG-Using selector: SelectSelector
2019-02-30 22:02:56-trigger_reload-INFO-D:\Study\School\e2e\app\djangoapp\backend\views.py changed, reloading.
2019-02-30 22:02:56-__init__-DEBUG-Using selector: SelectSelector
2019-02-30 22:02:59-log_response-ERROR-Internal Server Error: /apis/filter_messages/21342134
Traceback (most recent call last):
  File "C:\Users\Pisho\AppData\Roaming\Python\Python37\site-packages\django\core\handlers\exception.py", line 34, in inner
    response = get_response(request)
  File "C:\Users\Pisho\AppData\Roaming\Python\Python37\site-packages\django\core\handlers\base.py", line 115, in _get_response
    response = self.process_exception_by_middleware(e, request)
  File "C:\Users\Pisho\AppData\Roaming\Python\Python37\site-packages\django\core\handlers\base.py", line 113, in _get_response
    response = wrapped_callback(request, *callback_args, **callback_kwargs)
  File "C:\Users\Pisho\AppData\Roaming\Python\Python37\site-packages\django\views\decorators\csrf.py", line 54, in wrapped_view
    return view_func(*args, **kwargs)
  File "C:\Users\Pisho\AppData\Roaming\Python\Python37\site-packages\django\views\decorators\csrf.py", line 54, in wrapped_view
    return view_func(*args, **kwargs)
  File "C:\Users\Pisho\AppData\Roaming\Python\Python37\site-packages\django\views\generic\base.py", line 71, in view
    return self.dispatch(request, *args, **kwargs)
  File "C:\Users\Pisho\AppData\Local\Programs\Python\Python37\lib\site-packages\rest_framework\views.py", line 505, in dispatch
    response = self.handle_exception(exc)
  File "C:\Users\Pisho\AppData\Local\Programs\Python\Python37\lib\site-packages\rest_framework\views.py", line 465, in handle_exception
    self.raise_uncaught_exception(exc)
  File "C:\Users\Pisho\AppData\Local\Programs\Python\Python37\lib\site-packages\rest_framework\views.py", line 476, in raise_uncaught_exception
    raise exc
  File "C:\Users\Pisho\AppData\Local\Programs\Python\Python37\lib\site-packages\rest_framework\views.py", line 502, in dispatch
    response = handler(request, *args, **kwargs)
  File "C:\Users\Pisho\AppData\Local\Programs\Python\Python37\lib\site-packages\rest_framework\decorators.py", line 50, in handler
    return func(*args, **kwargs)
  File "D:\Study\School\e2e\app\djangoapp\backend\views.py", line 87, in filter_messages
    serializer = MessagesSerializer(messages_temp)
NameError: name 'messages_temp' is not defined
2019-03-30 22:03:06-trigger_reload-INFO-D:\Study\School\e2e\app\djangoapp\backend\views.py changed, reloading.
2019-03-30 22:03:06-__init__-DEBUG-Using selector: SelectSelector
2019-03-30 22:03:10-trigger_reload-INFO-D:\Study\School\e2e\app\djangoapp\backend\views.py changed, reloading.
2019-03-30 22:03:10-__init__-DEBUG-Using selector: SelectSelector
2019-03-30 22:03:22-trigger_reload-INFO-D:\Study\School\e2e\app\djangoapp\backend\views.py changed, reloading.
2019-03-30 22:03:22-__init__-DEBUG-Using selector: SelectSelector
2019-03-30 22:03:24-trigger_reload-INFO-D:\Study\School\e2e\app\djangoapp\backend\views.py changed, reloading.
2019-03-30 22:03:24-__init__-DEBUG-Using selector: SelectSelector
2019-03-30 22:03:27-trigger_reload-INFO-D:\Study\School\e2e\app\djangoapp\backend\views.py changed, reloading.
2019-03-30 22:03:27-__init__-DEBUG-Using selector: SelectSelector
2019-03-30 22:03:36-log_response-ERROR-Internal Server Error: /apis/filter_messages/21342134
Traceback (most recent call last):
  File "C:\Users\Pisho\AppData\Local\Programs\Python\Python37\lib\site-packages\rest_framework\fields.py", line 454, in get_attribute
    return get_attribute(instance, self.source_attrs)
  File "C:\Users\Pisho\AppData\Local\Programs\Python\Python37\lib\site-packages\rest_framework\fields.py", line 94, in get_attribute
    instance = getattr(instance, attr)
AttributeError: 'QuerySet' object has no attribute 'fromUserid'

During handling of the above exception, another exception occurred:

Traceback (most recent call last):
  File "C:\Users\Pisho\AppData\Roaming\Python\Python37\site-packages\django\core\handlers\exception.py", line 34, in inner
    response = get_response(request)
  File "C:\Users\Pisho\AppData\Roaming\Python\Python37\site-packages\django\core\handlers\base.py", line 115, in _get_response
    response = self.process_exception_by_middleware(e, request)
  File "C:\Users\Pisho\AppData\Roaming\Python\Python37\site-packages\django\core\handlers\base.py", line 113, in _get_response
    response = wrapped_callback(request, *callback_args, **callback_kwargs)
  File "C:\Users\Pisho\AppData\Roaming\Python\Python37\site-packages\django\views\decorators\csrf.py", line 54, in wrapped_view
    return view_func(*args, **kwargs)
  File "C:\Users\Pisho\AppData\Roaming\Python\Python37\site-packages\django\views\decorators\csrf.py", line 54, in wrapped_view
    return view_func(*args, **kwargs)
  File "C:\Users\Pisho\AppData\Roaming\Python\Python37\site-packages\django\views\generic\base.py", line 71, in view
    return self.dispatch(request, *args, **kwargs)
  File "C:\Users\Pisho\AppData\Local\Programs\Python\Python37\lib\site-packages\rest_framework\views.py", line 505, in dispatch
    response = self.handle_exception(exc)
  File "C:\Users\Pisho\AppData\Local\Programs\Python\Python37\lib\site-packages\rest_framework\views.py", line 465, in handle_exception
    self.raise_uncaught_exception(exc)
  File "C:\Users\Pisho\AppData\Local\Programs\Python\Python37\lib\site-packages\rest_framework\views.py", line 476, in raise_uncaught_exception
    raise exc
  File "C:\Users\Pisho\AppData\Local\Programs\Python\Python37\lib\site-packages\rest_framework\views.py", line 502, in dispatch
    response = handler(request, *args, **kwargs)
  File "C:\Users\Pisho\AppData\Local\Programs\Python\Python37\lib\site-packages\rest_framework\decorators.py", line 50, in handler
    return func(*args, **kwargs)
  File "D:\Study\School\e2e\app\djangoapp\backend\views.py", line 90, in filter_messages
    result = {"code": 1, "data": [serializer_from.data, serializer_to.data],
  File "C:\Users\Pisho\AppData\Local\Programs\Python\Python37\lib\site-packages\rest_framework\serializers.py", line 562, in data
    ret = super().data
  File "C:\Users\Pisho\AppData\Local\Programs\Python\Python37\lib\site-packages\rest_framework\serializers.py", line 260, in data
    self._data = self.to_representation(self.instance)
  File "C:\Users\Pisho\AppData\Local\Programs\Python\Python37\lib\site-packages\rest_framework\serializers.py", line 516, in to_representation
    attribute = field.get_attribute(instance)
  File "C:\Users\Pisho\AppData\Local\Programs\Python\Python37\lib\site-packages\rest_framework\fields.py", line 487, in get_attribute
    raise type(exc)(msg)
AttributeError: Got AttributeError when attempting to get a value for field `fromUserid` on serializer `MessagesSerializer`.
The serializer field might be named incorrectly and not match any attribute or key on the `QuerySet` instance.
Original exception text was: 'QuerySet' object has no attribute 'fromUserid'.
2019-03-30 22:03:43-trigger_reload-INFO-D:\Study\School\e2e\app\djangoapp\backend\views.py changed, reloading.
2019-03-30 22:03:43-__init__-DEBUG-Using selector: SelectSelector
2019-05-30 22:05:29-trigger_reload-INFO-D:\Study\School\e2e\app\djangoapp\backend\views.py changed, reloading.
2019-05-30 22:05:29-__init__-DEBUG-Using selector: SelectSelector
2019-05-30 22:05:33-log_response-ERROR-Internal Server Error: /apis/filter_messages/21342134
Traceback (most recent call last):
  File "C:\Users\Pisho\AppData\Roaming\Python\Python37\site-packages\django\core\handlers\exception.py", line 34, in inner
    response = get_response(request)
  File "C:\Users\Pisho\AppData\Roaming\Python\Python37\site-packages\django\core\handlers\base.py", line 115, in _get_response
    response = self.process_exception_by_middleware(e, request)
  File "C:\Users\Pisho\AppData\Roaming\Python\Python37\site-packages\django\core\handlers\base.py", line 113, in _get_response
    response = wrapped_callback(request, *callback_args, **callback_kwargs)
  File "C:\Users\Pisho\AppData\Roaming\Python\Python37\site-packages\django\views\decorators\csrf.py", line 54, in wrapped_view
    return view_func(*args, **kwargs)
  File "C:\Users\Pisho\AppData\Roaming\Python\Python37\site-packages\django\views\decorators\csrf.py", line 54, in wrapped_view
    return view_func(*args, **kwargs)
  File "C:\Users\Pisho\AppData\Roaming\Python\Python37\site-packages\django\views\generic\base.py", line 71, in view
    return self.dispatch(request, *args, **kwargs)
  File "C:\Users\Pisho\AppData\Local\Programs\Python\Python37\lib\site-packages\rest_framework\views.py", line 505, in dispatch
    response = self.handle_exception(exc)
  File "C:\Users\Pisho\AppData\Local\Programs\Python\Python37\lib\site-packages\rest_framework\views.py", line 465, in handle_exception
    self.raise_uncaught_exception(exc)
  File "C:\Users\Pisho\AppData\Local\Programs\Python\Python37\lib\site-packages\rest_framework\views.py", line 476, in raise_uncaught_exception
    raise exc
  File "C:\Users\Pisho\AppData\Local\Programs\Python\Python37\lib\site-packages\rest_framework\views.py", line 502, in dispatch
    response = handler(request, *args, **kwargs)
  File "C:\Users\Pisho\AppData\Local\Programs\Python\Python37\lib\site-packages\rest_framework\decorators.py", line 50, in handler
    return func(*args, **kwargs)
  File "D:\Study\School\e2e\app\djangoapp\backend\views.py", line 79, in filter_messages
    messages_temp_to = messages.objects.filter(toUserid__contains=pk)
  File "C:\Users\Pisho\AppData\Roaming\Python\Python37\site-packages\django\db\models\manager.py", line 82, in manager_method
    return getattr(self.get_queryset(), name)(*args, **kwargs)
  File "C:\Users\Pisho\AppData\Roaming\Python\Python37\site-packages\django\db\models\query.py", line 904, in filter
    return self._filter_or_exclude(False, *args, **kwargs)
  File "C:\Users\Pisho\AppData\Roaming\Python\Python37\site-packages\django\db\models\query.py", line 923, in _filter_or_exclude
    clone.query.add_q(Q(*args, **kwargs))
  File "C:\Users\Pisho\AppData\Roaming\Python\Python37\site-packages\django\db\models\sql\query.py", line 1337, in add_q
    clause, _ = self._add_q(q_object, self.used_aliases)
  File "C:\Users\Pisho\AppData\Roaming\Python\Python37\site-packages\django\db\models\sql\query.py", line 1365, in _add_q
    split_subq=split_subq, simple_col=simple_col,
  File "C:\Users\Pisho\AppData\Roaming\Python\Python37\site-packages\django\db\models\sql\query.py", line 1298, in build_filter
    condition = self.build_lookup(lookups, col, value)
  File "C:\Users\Pisho\AppData\Roaming\Python\Python37\site-packages\django\db\models\sql\query.py", line 1155, in build_lookup
    lookup = lookup_class(lhs, rhs)
  File "C:\Users\Pisho\AppData\Roaming\Python\Python37\site-packages\django\db\models\lookups.py", line 22, in __init__
    self.rhs = self.get_prep_lookup()
  File "C:\Users\Pisho\AppData\Roaming\Python\Python37\site-packages\django\db\models\lookups.py", line 217, in get_prep_lookup
    for rhs_value in self.rhs:
TypeError: 'int' object is not iterable
2019-05-30 22:05:42-trigger_reload-INFO-D:\Study\School\e2e\app\djangoapp\backend\views.py changed, reloading.
2019-05-30 22:05:42-__init__-DEBUG-Using selector: SelectSelector
2019-05-30 22:05:45-trigger_reload-INFO-D:\Study\School\e2e\app\djangoapp\backend\views.py changed, reloading.
2019-05-30 22:05:45-__init__-DEBUG-Using selector: SelectSelector
2019-05-30 22:05:51-log_response-ERROR-Internal Server Error: /apis/filter_messages/21342134
Traceback (most recent call last):
  File "C:\Users\Pisho\AppData\Local\Programs\Python\Python37\lib\site-packages\rest_framework\fields.py", line 454, in get_attribute
    return get_attribute(instance, self.source_attrs)
  File "C:\Users\Pisho\AppData\Local\Programs\Python\Python37\lib\site-packages\rest_framework\fields.py", line 94, in get_attribute
    instance = getattr(instance, attr)
AttributeError: 'QuerySet' object has no attribute 'fromUserid'

During handling of the above exception, another exception occurred:

Traceback (most recent call last):
  File "C:\Users\Pisho\AppData\Roaming\Python\Python37\site-packages\django\core\handlers\exception.py", line 34, in inner
    response = get_response(request)
  File "C:\Users\Pisho\AppData\Roaming\Python\Python37\site-packages\django\core\handlers\base.py", line 115, in _get_response
    response = self.process_exception_by_middleware(e, request)
  File "C:\Users\Pisho\AppData\Roaming\Python\Python37\site-packages\django\core\handlers\base.py", line 113, in _get_response
    response = wrapped_callback(request, *callback_args, **callback_kwargs)
  File "C:\Users\Pisho\AppData\Roaming\Python\Python37\site-packages\django\views\decorators\csrf.py", line 54, in wrapped_view
    return view_func(*args, **kwargs)
  File "C:\Users\Pisho\AppData\Roaming\Python\Python37\site-packages\django\views\decorators\csrf.py", line 54, in wrapped_view
    return view_func(*args, **kwargs)
  File "C:\Users\Pisho\AppData\Roaming\Python\Python37\site-packages\django\views\generic\base.py", line 71, in view
    return self.dispatch(request, *args, **kwargs)
  File "C:\Users\Pisho\AppData\Local\Programs\Python\Python37\lib\site-packages\rest_framework\views.py", line 505, in dispatch
    response = self.handle_exception(exc)
  File "C:\Users\Pisho\AppData\Local\Programs\Python\Python37\lib\site-packages\rest_framework\views.py", line 465, in handle_exception
    self.raise_uncaught_exception(exc)
  File "C:\Users\Pisho\AppData\Local\Programs\Python\Python37\lib\site-packages\rest_framework\views.py", line 476, in raise_uncaught_exception
    raise exc
  File "C:\Users\Pisho\AppData\Local\Programs\Python\Python37\lib\site-packages\rest_framework\views.py", line 502, in dispatch
    response = handler(request, *args, **kwargs)
  File "C:\Users\Pisho\AppData\Local\Programs\Python\Python37\lib\site-packages\rest_framework\decorators.py", line 50, in handler
    return func(*args, **kwargs)
  File "D:\Study\School\e2e\app\djangoapp\backend\views.py", line 91, in filter_messages
    result = {"code": 1, "data": [serializer_from.data, serializer_to.data],
  File "C:\Users\Pisho\AppData\Local\Programs\Python\Python37\lib\site-packages\rest_framework\serializers.py", line 562, in data
    ret = super().data
  File "C:\Users\Pisho\AppData\Local\Programs\Python\Python37\lib\site-packages\rest_framework\serializers.py", line 260, in data
    self._data = self.to_representation(self.instance)
  File "C:\Users\Pisho\AppData\Local\Programs\Python\Python37\lib\site-packages\rest_framework\serializers.py", line 516, in to_representation
    attribute = field.get_attribute(instance)
  File "C:\Users\Pisho\AppData\Local\Programs\Python\Python37\lib\site-packages\rest_framework\fields.py", line 487, in get_attribute
    raise type(exc)(msg)
AttributeError: Got AttributeError when attempting to get a value for field `fromUserid` on serializer `MessagesSerializer`.
The serializer field might be named incorrectly and not match any attribute or key on the `QuerySet` instance.
Original exception text was: 'QuerySet' object has no attribute 'fromUserid'.
2019-10-30 22:10:11-trigger_reload-INFO-D:\Study\School\e2e\app\djangoapp\backend\views.py changed, reloading.
2019-10-30 22:10:11-__init__-DEBUG-Using selector: SelectSelector
2019-10-30 22:10:16-trigger_reload-INFO-D:\Study\School\e2e\app\djangoapp\backend\views.py changed, reloading.
2019-10-30 22:10:16-__init__-DEBUG-Using selector: SelectSelector
2019-10-30 22:10:20-log_response-ERROR-Internal Server Error: /apis/filter_messages/21342134
Traceback (most recent call last):
  File "C:\Users\Pisho\AppData\Local\Programs\Python\Python37\lib\site-packages\rest_framework\fields.py", line 454, in get_attribute
    return get_attribute(instance, self.source_attrs)
  File "C:\Users\Pisho\AppData\Local\Programs\Python\Python37\lib\site-packages\rest_framework\fields.py", line 94, in get_attribute
    instance = getattr(instance, attr)
AttributeError: 'QuerySet' object has no attribute 'fromUserid'

During handling of the above exception, another exception occurred:

Traceback (most recent call last):
  File "C:\Users\Pisho\AppData\Roaming\Python\Python37\site-packages\django\core\handlers\exception.py", line 34, in inner
    response = get_response(request)
  File "C:\Users\Pisho\AppData\Roaming\Python\Python37\site-packages\django\core\handlers\base.py", line 115, in _get_response
    response = self.process_exception_by_middleware(e, request)
  File "C:\Users\Pisho\AppData\Roaming\Python\Python37\site-packages\django\core\handlers\base.py", line 113, in _get_response
    response = wrapped_callback(request, *callback_args, **callback_kwargs)
  File "C:\Users\Pisho\AppData\Roaming\Python\Python37\site-packages\django\views\decorators\csrf.py", line 54, in wrapped_view
    return view_func(*args, **kwargs)
  File "C:\Users\Pisho\AppData\Roaming\Python\Python37\site-packages\django\views\decorators\csrf.py", line 54, in wrapped_view
    return view_func(*args, **kwargs)
  File "C:\Users\Pisho\AppData\Roaming\Python\Python37\site-packages\django\views\generic\base.py", line 71, in view
    return self.dispatch(request, *args, **kwargs)
  File "C:\Users\Pisho\AppData\Local\Programs\Python\Python37\lib\site-packages\rest_framework\views.py", line 505, in dispatch
    response = self.handle_exception(exc)
  File "C:\Users\Pisho\AppData\Local\Programs\Python\Python37\lib\site-packages\rest_framework\views.py", line 465, in handle_exception
    self.raise_uncaught_exception(exc)
  File "C:\Users\Pisho\AppData\Local\Programs\Python\Python37\lib\site-packages\rest_framework\views.py", line 476, in raise_uncaught_exception
    raise exc
  File "C:\Users\Pisho\AppData\Local\Programs\Python\Python37\lib\site-packages\rest_framework\views.py", line 502, in dispatch
    response = handler(request, *args, **kwargs)
  File "C:\Users\Pisho\AppData\Local\Programs\Python\Python37\lib\site-packages\rest_framework\decorators.py", line 50, in handler
    return func(*args, **kwargs)
  File "D:\Study\School\e2e\app\djangoapp\backend\views.py", line 91, in filter_messages
    result = {"code": 1, "data": [serializer_from.data, serializer_to.data],
  File "C:\Users\Pisho\AppData\Local\Programs\Python\Python37\lib\site-packages\rest_framework\serializers.py", line 562, in data
    ret = super().data
  File "C:\Users\Pisho\AppData\Local\Programs\Python\Python37\lib\site-packages\rest_framework\serializers.py", line 260, in data
    self._data = self.to_representation(self.instance)
  File "C:\Users\Pisho\AppData\Local\Programs\Python\Python37\lib\site-packages\rest_framework\serializers.py", line 516, in to_representation
    attribute = field.get_attribute(instance)
  File "C:\Users\Pisho\AppData\Local\Programs\Python\Python37\lib\site-packages\rest_framework\fields.py", line 487, in get_attribute
    raise type(exc)(msg)
AttributeError: Got AttributeError when attempting to get a value for field `fromUserid` on serializer `MessagesSerializer`.
The serializer field might be named incorrectly and not match any attribute or key on the `QuerySet` instance.
Original exception text was: 'QuerySet' object has no attribute 'fromUserid'.
2019-12-30 22:12:51-trigger_reload-INFO-D:\Study\School\e2e\app\djangoapp\backend\views.py changed, reloading.
2019-12-30 22:12:51-__init__-DEBUG-Using selector: SelectSelector
2019-12-30 22:12:55-log_response-ERROR-Internal Server Error: /apis/filter_messages/21342134
Traceback (most recent call last):
  File "C:\Users\Pisho\AppData\Roaming\Python\Python37\site-packages\django\core\handlers\exception.py", line 34, in inner
    response = get_response(request)
  File "C:\Users\Pisho\AppData\Roaming\Python\Python37\site-packages\django\core\handlers\base.py", line 115, in _get_response
    response = self.process_exception_by_middleware(e, request)
  File "C:\Users\Pisho\AppData\Roaming\Python\Python37\site-packages\django\core\handlers\base.py", line 113, in _get_response
    response = wrapped_callback(request, *callback_args, **callback_kwargs)
  File "C:\Users\Pisho\AppData\Roaming\Python\Python37\site-packages\django\views\decorators\csrf.py", line 54, in wrapped_view
    return view_func(*args, **kwargs)
  File "C:\Users\Pisho\AppData\Roaming\Python\Python37\site-packages\django\views\decorators\csrf.py", line 54, in wrapped_view
    return view_func(*args, **kwargs)
  File "C:\Users\Pisho\AppData\Roaming\Python\Python37\site-packages\django\views\generic\base.py", line 71, in view
    return self.dispatch(request, *args, **kwargs)
  File "C:\Users\Pisho\AppData\Local\Programs\Python\Python37\lib\site-packages\rest_framework\views.py", line 505, in dispatch
    response = self.handle_exception(exc)
  File "C:\Users\Pisho\AppData\Local\Programs\Python\Python37\lib\site-packages\rest_framework\views.py", line 465, in handle_exception
    self.raise_uncaught_exception(exc)
  File "C:\Users\Pisho\AppData\Local\Programs\Python\Python37\lib\site-packages\rest_framework\views.py", line 476, in raise_uncaught_exception
    raise exc
  File "C:\Users\Pisho\AppData\Local\Programs\Python\Python37\lib\site-packages\rest_framework\views.py", line 502, in dispatch
    response = handler(request, *args, **kwargs)
  File "C:\Users\Pisho\AppData\Local\Programs\Python\Python37\lib\site-packages\rest_framework\decorators.py", line 50, in handler
    return func(*args, **kwargs)
  File "D:\Study\School\e2e\app\djangoapp\backend\views.py", line 81, in filter_messages
    print(messages_temp_from)
NameError: name 'messages_temp_from' is not defined
2019-13-30 22:13:00-__init__-DEBUG-Using selector: SelectSelector
2019-13-30 22:13:04-__init__-DEBUG-Using selector: SelectSelector
2019-13-30 22:13:07-__init__-DEBUG-Using selector: SelectSelector
2019-13-30 22:13:37-log_response-ERROR-Internal Server Error: /apis/filter_messages/21342134
Traceback (most recent call last):
  File "C:\Users\Pisho\AppData\Local\Programs\Python\Python37\lib\site-packages\rest_framework\fields.py", line 454, in get_attribute
    return get_attribute(instance, self.source_attrs)
  File "C:\Users\Pisho\AppData\Local\Programs\Python\Python37\lib\site-packages\rest_framework\fields.py", line 94, in get_attribute
    instance = getattr(instance, attr)
AttributeError: 'QuerySet' object has no attribute 'fromUserid'

During handling of the above exception, another exception occurred:

Traceback (most recent call last):
  File "C:\Users\Pisho\AppData\Roaming\Python\Python37\site-packages\django\core\handlers\exception.py", line 34, in inner
    response = get_response(request)
  File "C:\Users\Pisho\AppData\Roaming\Python\Python37\site-packages\django\core\handlers\base.py", line 115, in _get_response
    response = self.process_exception_by_middleware(e, request)
  File "C:\Users\Pisho\AppData\Roaming\Python\Python37\site-packages\django\core\handlers\base.py", line 113, in _get_response
    response = wrapped_callback(request, *callback_args, **callback_kwargs)
  File "C:\Users\Pisho\AppData\Roaming\Python\Python37\site-packages\django\views\decorators\csrf.py", line 54, in wrapped_view
    return view_func(*args, **kwargs)
  File "C:\Users\Pisho\AppData\Roaming\Python\Python37\site-packages\django\views\decorators\csrf.py", line 54, in wrapped_view
    return view_func(*args, **kwargs)
  File "C:\Users\Pisho\AppData\Roaming\Python\Python37\site-packages\django\views\generic\base.py", line 71, in view
    return self.dispatch(request, *args, **kwargs)
  File "C:\Users\Pisho\AppData\Local\Programs\Python\Python37\lib\site-packages\rest_framework\views.py", line 505, in dispatch
    response = self.handle_exception(exc)
  File "C:\Users\Pisho\AppData\Local\Programs\Python\Python37\lib\site-packages\rest_framework\views.py", line 465, in handle_exception
    self.raise_uncaught_exception(exc)
  File "C:\Users\Pisho\AppData\Local\Programs\Python\Python37\lib\site-packages\rest_framework\views.py", line 476, in raise_uncaught_exception
    raise exc
  File "C:\Users\Pisho\AppData\Local\Programs\Python\Python37\lib\site-packages\rest_framework\views.py", line 502, in dispatch
    response = handler(request, *args, **kwargs)
  File "C:\Users\Pisho\AppData\Local\Programs\Python\Python37\lib\site-packages\rest_framework\decorators.py", line 50, in handler
    return func(*args, **kwargs)
  File "D:\Study\School\e2e\app\djangoapp\backend\views.py", line 91, in filter_messages
    result = {"code": 1, "data": [serializer_from.data, serializer_to.data],
  File "C:\Users\Pisho\AppData\Local\Programs\Python\Python37\lib\site-packages\rest_framework\serializers.py", line 562, in data
    ret = super().data
  File "C:\Users\Pisho\AppData\Local\Programs\Python\Python37\lib\site-packages\rest_framework\serializers.py", line 260, in data
    self._data = self.to_representation(self.instance)
  File "C:\Users\Pisho\AppData\Local\Programs\Python\Python37\lib\site-packages\rest_framework\serializers.py", line 516, in to_representation
    attribute = field.get_attribute(instance)
  File "C:\Users\Pisho\AppData\Local\Programs\Python\Python37\lib\site-packages\rest_framework\fields.py", line 487, in get_attribute
    raise type(exc)(msg)
AttributeError: Got AttributeError when attempting to get a value for field `fromUserid` on serializer `MessagesSerializer`.
The serializer field might be named incorrectly and not match any attribute or key on the `QuerySet` instance.
Original exception text was: 'QuerySet' object has no attribute 'fromUserid'.
2019-14-30 22:14:56-trigger_reload-INFO-D:\Study\School\e2e\app\djangoapp\backend\models.py changed, reloading.
2019-14-30 22:14:56-__init__-DEBUG-Using selector: SelectSelector
2019-15-30 22:15:02-trigger_reload-INFO-D:\Study\School\e2e\app\djangoapp\backend\models.py changed, reloading.
2019-15-30 22:15:02-__init__-DEBUG-Using selector: SelectSelector
2019-15-30 22:15:04-__init__-DEBUG-Using selector: SelectSelector
2019-15-30 22:15:07-__init__-DEBUG-Using selector: SelectSelector
2019-15-30 22:15:31-__init__-DEBUG-Using selector: SelectSelector
2019-17-30 22:17:04-__init__-DEBUG-Using selector: SelectSelector
2019-17-30 22:17:08-__init__-DEBUG-Using selector: SelectSelector
2019-18-30 22:18:00-__init__-DEBUG-Using selector: SelectSelector
2019-18-30 22:18:03-__init__-DEBUG-Using selector: SelectSelector
2019-18-30 22:18:38-__init__-DEBUG-Using selector: SelectSelector
2019-19-30 22:19:07-__init__-DEBUG-Using selector: SelectSelector
2019-19-30 22:19:11-__init__-DEBUG-Using selector: SelectSelector
2019-19-30 22:19:53-__init__-DEBUG-Using selector: SelectSelector
2019-19-30 22:19:57-__init__-DEBUG-Using selector: SelectSelector
2019-20-30 22:20:00-__init__-DEBUG-Using selector: SelectSelector
2019-20-30 22:20:25-__init__-DEBUG-Using selector: SelectSelector
2019-20-30 22:20:28-__init__-DEBUG-Using selector: SelectSelector
2019-21-30 22:21:47-__init__-DEBUG-Using selector: SelectSelector
2019-21-30 22:21:50-__init__-DEBUG-Using selector: SelectSelector
2019-22-30 22:22:27-log_response-ERROR-Internal Server Error: /apis/filter_messages/21342134
Traceback (most recent call last):
  File "C:\Users\Pisho\AppData\Local\Programs\Python\Python37\lib\site-packages\rest_framework\fields.py", line 454, in get_attribute
    return get_attribute(instance, self.source_attrs)
  File "C:\Users\Pisho\AppData\Local\Programs\Python\Python37\lib\site-packages\rest_framework\fields.py", line 94, in get_attribute
    instance = getattr(instance, attr)
AttributeError: 'QuerySet' object has no attribute 'fromUserid'

During handling of the above exception, another exception occurred:

Traceback (most recent call last):
  File "C:\Users\Pisho\AppData\Roaming\Python\Python37\site-packages\django\core\handlers\exception.py", line 34, in inner
    response = get_response(request)
  File "C:\Users\Pisho\AppData\Roaming\Python\Python37\site-packages\django\core\handlers\base.py", line 115, in _get_response
    response = self.process_exception_by_middleware(e, request)
  File "C:\Users\Pisho\AppData\Roaming\Python\Python37\site-packages\django\core\handlers\base.py", line 113, in _get_response
    response = wrapped_callback(request, *callback_args, **callback_kwargs)
  File "C:\Users\Pisho\AppData\Roaming\Python\Python37\site-packages\django\views\decorators\csrf.py", line 54, in wrapped_view
    return view_func(*args, **kwargs)
  File "C:\Users\Pisho\AppData\Roaming\Python\Python37\site-packages\django\views\decorators\csrf.py", line 54, in wrapped_view
    return view_func(*args, **kwargs)
  File "C:\Users\Pisho\AppData\Roaming\Python\Python37\site-packages\django\views\generic\base.py", line 71, in view
    return self.dispatch(request, *args, **kwargs)
  File "C:\Users\Pisho\AppData\Local\Programs\Python\Python37\lib\site-packages\rest_framework\views.py", line 505, in dispatch
    response = self.handle_exception(exc)
  File "C:\Users\Pisho\AppData\Local\Programs\Python\Python37\lib\site-packages\rest_framework\views.py", line 465, in handle_exception
    self.raise_uncaught_exception(exc)
  File "C:\Users\Pisho\AppData\Local\Programs\Python\Python37\lib\site-packages\rest_framework\views.py", line 476, in raise_uncaught_exception
    raise exc
  File "C:\Users\Pisho\AppData\Local\Programs\Python\Python37\lib\site-packages\rest_framework\views.py", line 502, in dispatch
    response = handler(request, *args, **kwargs)
  File "C:\Users\Pisho\AppData\Local\Programs\Python\Python37\lib\site-packages\rest_framework\decorators.py", line 50, in handler
    return func(*args, **kwargs)
  File "D:\Study\School\e2e\app\djangoapp\backend\views.py", line 91, in filter_messages
    result = {"code": 1, "data": [serializer_from.data, serializer_to.data],
  File "C:\Users\Pisho\AppData\Local\Programs\Python\Python37\lib\site-packages\rest_framework\serializers.py", line 562, in data
    ret = super().data
  File "C:\Users\Pisho\AppData\Local\Programs\Python\Python37\lib\site-packages\rest_framework\serializers.py", line 260, in data
    self._data = self.to_representation(self.instance)
  File "C:\Users\Pisho\AppData\Local\Programs\Python\Python37\lib\site-packages\rest_framework\serializers.py", line 516, in to_representation
    attribute = field.get_attribute(instance)
  File "C:\Users\Pisho\AppData\Local\Programs\Python\Python37\lib\site-packages\rest_framework\fields.py", line 487, in get_attribute
    raise type(exc)(msg)
AttributeError: Got AttributeError when attempting to get a value for field `fromUserid` on serializer `MessagesSerializer`.
The serializer field might be named incorrectly and not match any attribute or key on the `QuerySet` instance.
Original exception text was: 'QuerySet' object has no attribute 'fromUserid'.
2019-22-30 22:22:46-trigger_reload-INFO-D:\Study\School\e2e\app\djangoapp\backend\serializers.py changed, reloading.
2019-22-30 22:22:46-__init__-DEBUG-Using selector: SelectSelector
2019-22-30 22:22:51-trigger_reload-INFO-D:\Study\School\e2e\app\djangoapp\backend\views.py changed, reloading.
2019-22-30 22:22:51-__init__-DEBUG-Using selector: SelectSelector
2019-22-30 22:22:55-trigger_reload-INFO-D:\Study\School\e2e\app\djangoapp\backend\views.py changed, reloading.
2019-22-30 22:22:55-__init__-DEBUG-Using selector: SelectSelector
2019-22-30 22:22:58-trigger_reload-INFO-D:\Study\School\e2e\app\djangoapp\backend\views.py changed, reloading.
2019-22-30 22:22:58-__init__-DEBUG-Using selector: SelectSelector
2019-23-30 22:23:02-trigger_reload-INFO-D:\Study\School\e2e\app\djangoapp\backend\views.py changed, reloading.
2019-23-30 22:23:02-__init__-DEBUG-Using selector: SelectSelector
2019-23-30 22:23:06-log_response-ERROR-Internal Server Error: /apis/filter_messages/21342134
Traceback (most recent call last):
  File "C:\Users\Pisho\AppData\Local\Programs\Python\Python37\lib\site-packages\rest_framework\fields.py", line 454, in get_attribute
    return get_attribute(instance, self.source_attrs)
  File "C:\Users\Pisho\AppData\Local\Programs\Python\Python37\lib\site-packages\rest_framework\fields.py", line 94, in get_attribute
    instance = getattr(instance, attr)
AttributeError: 'QuerySet' object has no attribute 'fromUserid'

During handling of the above exception, another exception occurred:

Traceback (most recent call last):
  File "C:\Users\Pisho\AppData\Roaming\Python\Python37\site-packages\django\core\handlers\exception.py", line 34, in inner
    response = get_response(request)
  File "C:\Users\Pisho\AppData\Roaming\Python\Python37\site-packages\django\core\handlers\base.py", line 115, in _get_response
    response = self.process_exception_by_middleware(e, request)
  File "C:\Users\Pisho\AppData\Roaming\Python\Python37\site-packages\django\core\handlers\base.py", line 113, in _get_response
    response = wrapped_callback(request, *callback_args, **callback_kwargs)
  File "C:\Users\Pisho\AppData\Roaming\Python\Python37\site-packages\django\views\decorators\csrf.py", line 54, in wrapped_view
    return view_func(*args, **kwargs)
  File "C:\Users\Pisho\AppData\Roaming\Python\Python37\site-packages\django\views\decorators\csrf.py", line 54, in wrapped_view
    return view_func(*args, **kwargs)
  File "C:\Users\Pisho\AppData\Roaming\Python\Python37\site-packages\django\views\generic\base.py", line 71, in view
    return self.dispatch(request, *args, **kwargs)
  File "C:\Users\Pisho\AppData\Local\Programs\Python\Python37\lib\site-packages\rest_framework\views.py", line 505, in dispatch
    response = self.handle_exception(exc)
  File "C:\Users\Pisho\AppData\Local\Programs\Python\Python37\lib\site-packages\rest_framework\views.py", line 465, in handle_exception
    self.raise_uncaught_exception(exc)
  File "C:\Users\Pisho\AppData\Local\Programs\Python\Python37\lib\site-packages\rest_framework\views.py", line 476, in raise_uncaught_exception
    raise exc
  File "C:\Users\Pisho\AppData\Local\Programs\Python\Python37\lib\site-packages\rest_framework\views.py", line 502, in dispatch
    response = handler(request, *args, **kwargs)
  File "C:\Users\Pisho\AppData\Local\Programs\Python\Python37\lib\site-packages\rest_framework\decorators.py", line 50, in handler
    return func(*args, **kwargs)
  File "D:\Study\School\e2e\app\djangoapp\backend\views.py", line 91, in filter_messages
    result = {"code": 1, "data": [serializer_to.data],
  File "C:\Users\Pisho\AppData\Local\Programs\Python\Python37\lib\site-packages\rest_framework\serializers.py", line 562, in data
    ret = super().data
  File "C:\Users\Pisho\AppData\Local\Programs\Python\Python37\lib\site-packages\rest_framework\serializers.py", line 260, in data
    self._data = self.to_representation(self.instance)
  File "C:\Users\Pisho\AppData\Local\Programs\Python\Python37\lib\site-packages\rest_framework\serializers.py", line 516, in to_representation
    attribute = field.get_attribute(instance)
  File "C:\Users\Pisho\AppData\Local\Programs\Python\Python37\lib\site-packages\rest_framework\fields.py", line 487, in get_attribute
    raise type(exc)(msg)
AttributeError: Got AttributeError when attempting to get a value for field `fromUserid` on serializer `MessagesSerializer`.
The serializer field might be named incorrectly and not match any attribute or key on the `QuerySet` instance.
Original exception text was: 'QuerySet' object has no attribute 'fromUserid'.
2019-23-30 22:23:26-trigger_reload-INFO-D:\Study\School\e2e\app\djangoapp\backend\serializers.py changed, reloading.
2019-23-30 22:23:26-__init__-DEBUG-Using selector: SelectSelector
2019-23-30 22:23:51-trigger_reload-INFO-D:\Study\School\e2e\app\djangoapp\backend\models.py changed, reloading.
2019-23-30 22:23:51-__init__-DEBUG-Using selector: SelectSelector
2019-24-30 22:24:24-log_response-WARNING-Method Not Allowed: /apis/sotre_message/
2019-24-30 22:24:28-log_response-WARNING-Bad Request: /apis/sotre_message/
2019-24-30 22:24:52-trigger_reload-INFO-D:\Study\School\e2e\app\djangoapp\backend\views.py changed, reloading.
2019-24-30 22:24:52-__init__-DEBUG-Using selector: SelectSelector
2019-25-30 22:25:22-log_response-WARNING-Method Not Allowed: /apis/filter_messages/21342134
2019-25-30 22:25:26-log_response-ERROR-Internal Server Error: /apis/filter_messages/21342134
Traceback (most recent call last):
  File "C:\Users\Pisho\AppData\Local\Programs\Python\Python37\lib\site-packages\rest_framework\fields.py", line 454, in get_attribute
    return get_attribute(instance, self.source_attrs)
  File "C:\Users\Pisho\AppData\Local\Programs\Python\Python37\lib\site-packages\rest_framework\fields.py", line 94, in get_attribute
    instance = getattr(instance, attr)
AttributeError: 'QuerySet' object has no attribute 'fromUserid'

During handling of the above exception, another exception occurred:

Traceback (most recent call last):
  File "C:\Users\Pisho\AppData\Roaming\Python\Python37\site-packages\django\core\handlers\exception.py", line 34, in inner
    response = get_response(request)
  File "C:\Users\Pisho\AppData\Roaming\Python\Python37\site-packages\django\core\handlers\base.py", line 115, in _get_response
    response = self.process_exception_by_middleware(e, request)
  File "C:\Users\Pisho\AppData\Roaming\Python\Python37\site-packages\django\core\handlers\base.py", line 113, in _get_response
    response = wrapped_callback(request, *callback_args, **callback_kwargs)
  File "C:\Users\Pisho\AppData\Roaming\Python\Python37\site-packages\django\views\decorators\csrf.py", line 54, in wrapped_view
    return view_func(*args, **kwargs)
  File "C:\Users\Pisho\AppData\Roaming\Python\Python37\site-packages\django\views\decorators\csrf.py", line 54, in wrapped_view
    return view_func(*args, **kwargs)
  File "C:\Users\Pisho\AppData\Roaming\Python\Python37\site-packages\django\views\generic\base.py", line 71, in view
    return self.dispatch(request, *args, **kwargs)
  File "C:\Users\Pisho\AppData\Local\Programs\Python\Python37\lib\site-packages\rest_framework\views.py", line 505, in dispatch
    response = self.handle_exception(exc)
  File "C:\Users\Pisho\AppData\Local\Programs\Python\Python37\lib\site-packages\rest_framework\views.py", line 465, in handle_exception
    self.raise_uncaught_exception(exc)
  File "C:\Users\Pisho\AppData\Local\Programs\Python\Python37\lib\site-packages\rest_framework\views.py", line 476, in raise_uncaught_exception
    raise exc
  File "C:\Users\Pisho\AppData\Local\Programs\Python\Python37\lib\site-packages\rest_framework\views.py", line 502, in dispatch
    response = handler(request, *args, **kwargs)
  File "C:\Users\Pisho\AppData\Local\Programs\Python\Python37\lib\site-packages\rest_framework\decorators.py", line 50, in handler
    return func(*args, **kwargs)
  File "D:\Study\School\e2e\app\djangoapp\backend\views.py", line 91, in filter_messages
    result = {"code": 1, "data": [serializer_to.data],
  File "C:\Users\Pisho\AppData\Local\Programs\Python\Python37\lib\site-packages\rest_framework\serializers.py", line 562, in data
    ret = super().data
  File "C:\Users\Pisho\AppData\Local\Programs\Python\Python37\lib\site-packages\rest_framework\serializers.py", line 260, in data
    self._data = self.to_representation(self.instance)
  File "C:\Users\Pisho\AppData\Local\Programs\Python\Python37\lib\site-packages\rest_framework\serializers.py", line 516, in to_representation
    attribute = field.get_attribute(instance)
  File "C:\Users\Pisho\AppData\Local\Programs\Python\Python37\lib\site-packages\rest_framework\fields.py", line 487, in get_attribute
    raise type(exc)(msg)
AttributeError: Got AttributeError when attempting to get a value for field `fromUserid` on serializer `MessagesSerializer`.
The serializer field might be named incorrectly and not match any attribute or key on the `QuerySet` instance.
Original exception text was: 'QuerySet' object has no attribute 'fromUserid'.
2019-26-30 22:26:06-trigger_reload-INFO-D:\Study\School\e2e\app\djangoapp\backend\views.py changed, reloading.
2019-26-30 22:26:06-__init__-DEBUG-Using selector: SelectSelector
